{"/Users/c1/dev/ColoBot/packages/types/src/agent.ts": {"path":"/Users/c1/dev/ColoBot/packages/types/src/agent.ts","all":true,"statementMap":{},"s":{},"branchMap":{"0":{"type":"branch","line":1,"loc":{"start":{"line":1,"column":802},"end":{"line":46,"column":1}},"locations":[{"start":{"line":1,"column":802},"end":{"line":46,"column":1}}]}},"b":{"0":[1]},"fnMap":{"0":{"name":"(empty-report)","decl":{"start":{"line":1,"column":802},"end":{"line":46,"column":1}},"loc":{"start":{"line":1,"column":802},"end":{"line":46,"column":1}},"line":1}},"f":{"0":1}}
,"/Users/c1/dev/ColoBot/packages/types/src/channel.ts": {"path":"/Users/c1/dev/ColoBot/packages/types/src/channel.ts","all":true,"statementMap":{},"s":{},"branchMap":{"0":{"type":"branch","line":1,"loc":{"start":{"line":1,"column":404},"end":{"line":20,"column":44}},"locations":[{"start":{"line":1,"column":404},"end":{"line":20,"column":44}}]}},"b":{"0":[1]},"fnMap":{"0":{"name":"(empty-report)","decl":{"start":{"line":1,"column":404},"end":{"line":20,"column":44}},"loc":{"start":{"line":1,"column":404},"end":{"line":20,"column":44}},"line":1}},"f":{"0":1}}
,"/Users/c1/dev/ColoBot/packages/types/src/index.ts": {"path":"/Users/c1/dev/ColoBot/packages/types/src/index.ts","all":false,"statementMap":{},"s":{},"branchMap":{},"b":{},"fnMap":{},"f":{}}
,"/Users/c1/dev/ColoBot/packages/types/src/llm.ts": {"path":"/Users/c1/dev/ColoBot/packages/types/src/llm.ts","all":true,"statementMap":{},"s":{},"branchMap":{"0":{"type":"branch","line":1,"loc":{"start":{"line":1,"column":1177},"end":{"line":59,"column":1}},"locations":[{"start":{"line":1,"column":1177},"end":{"line":59,"column":1}}]}},"b":{"0":[1]},"fnMap":{"0":{"name":"(empty-report)","decl":{"start":{"line":1,"column":1177},"end":{"line":59,"column":1}},"loc":{"start":{"line":1,"column":1177},"end":{"line":59,"column":1}},"line":1}},"f":{"0":1}}
,"/Users/c1/dev/ColoBot/packages/types/src/memory.ts": {"path":"/Users/c1/dev/ColoBot/packages/types/src/memory.ts","all":true,"statementMap":{},"s":{},"branchMap":{"0":{"type":"branch","line":1,"loc":{"start":{"line":1,"column":554},"end":{"line":33,"column":1}},"locations":[{"start":{"line":1,"column":554},"end":{"line":33,"column":1}}]}},"b":{"0":[1]},"fnMap":{"0":{"name":"(empty-report)","decl":{"start":{"line":1,"column":554},"end":{"line":33,"column":1}},"loc":{"start":{"line":1,"column":554},"end":{"line":33,"column":1}},"line":1}},"f":{"0":1}}
,"/Users/c1/dev/ColoBot/packages/types/src/service.ts": {"path":"/Users/c1/dev/ColoBot/packages/types/src/service.ts","all":true,"statementMap":{},"s":{},"branchMap":{"0":{"type":"branch","line":1,"loc":{"start":{"line":1,"column":1272},"end":{"line":69,"column":1}},"locations":[{"start":{"line":1,"column":1272},"end":{"line":69,"column":1}}]}},"b":{"0":[1]},"fnMap":{"0":{"name":"(empty-report)","decl":{"start":{"line":1,"column":1272},"end":{"line":69,"column":1}},"loc":{"start":{"line":1,"column":1272},"end":{"line":69,"column":1}},"line":1}},"f":{"0":1}}
,"/Users/c1/dev/ColoBot/packages/types/src/sop.ts": {"path":"/Users/c1/dev/ColoBot/packages/types/src/sop.ts","all":true,"statementMap":{},"s":{},"branchMap":{"0":{"type":"branch","line":1,"loc":{"start":{"line":1,"column":935},"end":{"line":50,"column":44}},"locations":[{"start":{"line":1,"column":935},"end":{"line":50,"column":44}}]}},"b":{"0":[1]},"fnMap":{"0":{"name":"(empty-report)","decl":{"start":{"line":1,"column":935},"end":{"line":50,"column":44}},"loc":{"start":{"line":1,"column":935},"end":{"line":50,"column":44}},"line":1}},"f":{"0":1}}
,"/Users/c1/dev/ColoBot/packages/types/src/tool.ts": {"path":"/Users/c1/dev/ColoBot/packages/types/src/tool.ts","all":true,"statementMap":{},"s":{},"branchMap":{"0":{"type":"branch","line":1,"loc":{"start":{"line":1,"column":744},"end":{"line":43,"column":1}},"locations":[{"start":{"line":1,"column":744},"end":{"line":43,"column":1}}]}},"b":{"0":[1]},"fnMap":{"0":{"name":"(empty-report)","decl":{"start":{"line":1,"column":744},"end":{"line":43,"column":1}},"loc":{"start":{"line":1,"column":744},"end":{"line":43,"column":1}},"line":1}},"f":{"0":1}}
}
