{"/Users/c1/dev/ColoBot/packages/sentinel/src/fallback.ts": {"path":"/Users/c1/dev/ColoBot/packages/sentinel/src/fallback.ts","all":false,"statementMap":{"23":{"start":{"line":24,"column":0},"end":{"line":24,"column":59}},"24":{"start":{"line":25,"column":0},"end":{"line":25,"column":18}},"25":{"start":{"line":26,"column":0},"end":{"line":26,"column":29}},"26":{"start":{"line":27,"column":0},"end":{"line":27,"column":22}},"27":{"start":{"line":28,"column":0},"end":{"line":28,"column":25}},"28":{"start":{"line":29,"column":0},"end":{"line":29,"column":4}},"30":{"start":{"line":31,"column":0},"end":{"line":31,"column":19}},"31":{"start":{"line":32,"column":0},"end":{"line":32,"column":23}},"32":{"start":{"line":33,"column":0},"end":{"line":33,"column":21}},"33":{"start":{"line":34,"column":0},"end":{"line":34,"column":4}},"35":{"start":{"line":36,"column":0},"end":{"line":36,"column":12}},"36":{"start":{"line":37,"column":0},"end":{"line":37,"column":35}},"37":{"start":{"line":38,"column":0},"end":{"line":38,"column":25}},"38":{"start":{"line":39,"column":0},"end":{"line":39,"column":4}},"40":{"start":{"line":41,"column":0},"end":{"line":41,"column":16}},"41":{"start":{"line":42,"column":0},"end":{"line":42,"column":26}},"42":{"start":{"line":43,"column":0},"end":{"line":43,"column":28}},"43":{"start":{"line":44,"column":0},"end":{"line":44,"column":4}},"45":{"start":{"line":46,"column":0},"end":{"line":46,"column":15}},"46":{"start":{"line":47,"column":0},"end":{"line":47,"column":22}},"47":{"start":{"line":48,"column":0},"end":{"line":48,"column":25}},"48":{"start":{"line":49,"column":0},"end":{"line":49,"column":4}},"50":{"start":{"line":51,"column":0},"end":{"line":51,"column":16}},"51":{"start":{"line":52,"column":0},"end":{"line":52,"column":18}},"52":{"start":{"line":53,"column":0},"end":{"line":53,"column":20}},"53":{"start":{"line":54,"column":0},"end":{"line":54,"column":4}},"55":{"start":{"line":56,"column":0},"end":{"line":56,"column":18}},"56":{"start":{"line":57,"column":0},"end":{"line":57,"column":22}},"57":{"start":{"line":58,"column":0},"end":{"line":58,"column":23}},"58":{"start":{"line":59,"column":0},"end":{"line":59,"column":4}},"59":{"start":{"line":60,"column":0},"end":{"line":60,"column":1}},"65":{"start":{"line":66,"column":0},"end":{"line":66,"column":31}},"66":{"start":{"line":67,"column":0},"end":{"line":67,"column":50}},"67":{"start":{"line":68,"column":0},"end":{"line":68,"column":57}},"69":{"start":{"line":70,"column":0},"end":{"line":70,"column":73}},"70":{"start":{"line":71,"column":0},"end":{"line":71,"column":21}},"71":{"start":{"line":72,"column":0},"end":{"line":72,"column":27}},"72":{"start":{"line":73,"column":0},"end":{"line":73,"column":24}},"73":{"start":{"line":74,"column":0},"end":{"line":74,"column":5}},"74":{"start":{"line":75,"column":0},"end":{"line":75,"column":3}},"79":{"start":{"line":80,"column":0},"end":{"line":80,"column":35}},"80":{"start":{"line":81,"column":0},"end":{"line":81,"column":63}},"81":{"start":{"line":82,"column":0},"end":{"line":82,"column":48}},"82":{"start":{"line":83,"column":0},"end":{"line":83,"column":39}},"83":{"start":{"line":84,"column":0},"end":{"line":84,"column":40}},"84":{"start":{"line":85,"column":0},"end":{"line":85,"column":33}},"85":{"start":{"line":86,"column":0},"end":{"line":86,"column":3}},"90":{"start":{"line":91,"column":0},"end":{"line":91,"column":48}},"94":{"start":{"line":95,"column":0},"end":{"line":95,"column":14}},"95":{"start":{"line":96,"column":0},"end":{"line":96,"column":31}},"97":{"start":{"line":98,"column":0},"end":{"line":98,"column":29}},"99":{"start":{"line":100,"column":0},"end":{"line":100,"column":34}},"101":{"start":{"line":102,"column":0},"end":{"line":102,"column":23}},"102":{"start":{"line":103,"column":0},"end":{"line":103,"column":58}},"103":{"start":{"line":104,"column":0},"end":{"line":104,"column":5}},"105":{"start":{"line":106,"column":0},"end":{"line":106,"column":25}},"106":{"start":{"line":107,"column":0},"end":{"line":107,"column":44}},"107":{"start":{"line":108,"column":0},"end":{"line":108,"column":5}},"109":{"start":{"line":110,"column":0},"end":{"line":110,"column":25}},"110":{"start":{"line":111,"column":0},"end":{"line":111,"column":3}},"115":{"start":{"line":116,"column":0},"end":{"line":116,"column":56}},"116":{"start":{"line":117,"column":0},"end":{"line":117,"column":34}},"117":{"start":{"line":118,"column":0},"end":{"line":118,"column":3}},"122":{"start":{"line":123,"column":0},"end":{"line":123,"column":50}},"123":{"start":{"line":124,"column":0},"end":{"line":124,"column":31}},"124":{"start":{"line":125,"column":0},"end":{"line":125,"column":30}},"125":{"start":{"line":126,"column":0},"end":{"line":126,"column":5}},"126":{"start":{"line":127,"column":0},"end":{"line":127,"column":37}},"127":{"start":{"line":128,"column":0},"end":{"line":128,"column":3}},"128":{"start":{"line":129,"column":0},"end":{"line":129,"column":1}},"134":{"start":{"line":135,"column":0},"end":{"line":135,"column":52}},"136":{"start":{"line":137,"column":0},"end":{"line":137,"column":113}},"137":{"start":{"line":138,"column":0},"end":{"line":138,"column":26}},"138":{"start":{"line":139,"column":0},"end":{"line":139,"column":59}},"139":{"start":{"line":140,"column":0},"end":{"line":140,"column":3}},"140":{"start":{"line":141,"column":0},"end":{"line":141,"column":25}},"141":{"start":{"line":142,"column":0},"end":{"line":142,"column":1}},"143":{"start":{"line":144,"column":0},"end":{"line":144,"column":115}},"144":{"start":{"line":145,"column":0},"end":{"line":145,"column":57}},"145":{"start":{"line":146,"column":0},"end":{"line":146,"column":25}},"146":{"start":{"line":147,"column":0},"end":{"line":147,"column":1}}},"s":{"23":1,"24":1,"25":1,"26":1,"27":1,"28":1,"30":1,"31":1,"32":1,"33":1,"35":1,"36":1,"37":1,"38":1,"40":1,"41":1,"42":1,"43":1,"45":1,"46":1,"47":1,"48":1,"50":1,"51":1,"52":1,"53":1,"55":1,"56":1,"57":1,"58":1,"59":1,"65":1,"66":1,"67":3,"69":1,"70":3,"71":3,"72":3,"73":3,"74":3,"79":1,"80":9,"81":9,"82":9,"83":9,"84":9,"85":9,"90":1,"94":0,"95":0,"97":0,"99":0,"101":0,"102":0,"103":0,"105":0,"106":0,"107":0,"109":0,"110":0,"115":1,"116":0,"117":0,"122":1,"123":0,"124":0,"125":0,"126":0,"127":0,"128":1,"134":1,"136":1,"137":37,"138":3,"139":3,"140":37,"141":37,"143":1,"144":0,"145":0,"146":0},"branchMap":{"0":{"type":"branch","line":67,"loc":{"start":{"line":67,"column":10},"end":{"line":68,"column":57}},"locations":[{"start":{"line":67,"column":10},"end":{"line":68,"column":57}}]},"1":{"type":"branch","line":70,"loc":{"start":{"line":70,"column":2},"end":{"line":75,"column":3}},"locations":[{"start":{"line":70,"column":2},"end":{"line":75,"column":3}}]},"2":{"type":"branch","line":80,"loc":{"start":{"line":80,"column":2},"end":{"line":86,"column":3}},"locations":[{"start":{"line":80,"column":2},"end":{"line":86,"column":3}}]},"3":{"type":"branch","line":81,"loc":{"start":{"line":81,"column":35},"end":{"line":81,"column":63}},"locations":[{"start":{"line":81,"column":35},"end":{"line":81,"column":63}}]},"4":{"type":"branch","line":82,"loc":{"start":{"line":82,"column":42},"end":{"line":82,"column":48}},"locations":[{"start":{"line":82,"column":42},"end":{"line":82,"column":48}}]},"5":{"type":"branch","line":85,"loc":{"start":{"line":85,"column":21},"end":{"line":85,"column":33}},"locations":[{"start":{"line":85,"column":21},"end":{"line":85,"column":33}}]},"6":{"type":"branch","line":137,"loc":{"start":{"line":137,"column":7},"end":{"line":142,"column":1}},"locations":[{"start":{"line":137,"column":7},"end":{"line":142,"column":1}}]},"7":{"type":"branch","line":138,"loc":{"start":{"line":138,"column":25},"end":{"line":140,"column":3}},"locations":[{"start":{"line":138,"column":25},"end":{"line":140,"column":3}}]}},"b":{"0":[3],"1":[3],"2":[9],"3":[0],"4":[4],"5":[0],"6":[37],"7":[3]},"fnMap":{"0":{"name":"<instance_members_initializer>","decl":{"start":{"line":67,"column":10},"end":{"line":68,"column":57}},"loc":{"start":{"line":67,"column":10},"end":{"line":68,"column":57}},"line":67},"1":{"name":"FallbackMessages","decl":{"start":{"line":70,"column":2},"end":{"line":75,"column":3}},"loc":{"start":{"line":70,"column":2},"end":{"line":75,"column":3}},"line":70},"2":{"name":"get","decl":{"start":{"line":80,"column":2},"end":{"line":86,"column":3}},"loc":{"start":{"line":80,"column":2},"end":{"line":86,"column":3}},"line":80},"3":{"name":"getWithContext","decl":{"start":{"line":91,"column":2},"end":{"line":111,"column":3}},"loc":{"start":{"line":91,"column":2},"end":{"line":111,"column":3}},"line":91},"4":{"name":"update","decl":{"start":{"line":116,"column":2},"end":{"line":118,"column":3}},"loc":{"start":{"line":116,"column":2},"end":{"line":118,"column":3}},"line":116},"5":{"name":"add","decl":{"start":{"line":123,"column":2},"end":{"line":128,"column":3}},"loc":{"start":{"line":123,"column":2},"end":{"line":128,"column":3}},"line":123},"6":{"name":"getFallbackMessages","decl":{"start":{"line":137,"column":7},"end":{"line":142,"column":1}},"loc":{"start":{"line":137,"column":7},"end":{"line":142,"column":1}},"line":137},"7":{"name":"resetFallbackMessages","decl":{"start":{"line":144,"column":7},"end":{"line":147,"column":1}},"loc":{"start":{"line":144,"column":7},"end":{"line":147,"column":1}},"line":144}},"f":{"0":3,"1":3,"2":9,"3":0,"4":0,"5":0,"6":37,"7":0}}
,"/Users/c1/dev/ColoBot/packages/sentinel/src/heartbeat.ts": {"path":"/Users/c1/dev/ColoBot/packages/sentinel/src/heartbeat.ts","all":false,"statementMap":{"26":{"start":{"line":27,"column":0},"end":{"line":27,"column":41}},"27":{"start":{"line":28,"column":0},"end":{"line":28,"column":17}},"28":{"start":{"line":29,"column":0},"end":{"line":29,"column":21}},"29":{"start":{"line":30,"column":0},"end":{"line":30,"column":1}},"43":{"start":{"line":44,"column":0},"end":{"line":44,"column":31}},"44":{"start":{"line":45,"column":0},"end":{"line":45,"column":33}},"45":{"start":{"line":46,"column":0},"end":{"line":46,"column":60}},"46":{"start":{"line":47,"column":0},"end":{"line":47,"column":66}},"47":{"start":{"line":48,"column":0},"end":{"line":48,"column":49}},"49":{"start":{"line":50,"column":0},"end":{"line":50,"column":50}},"50":{"start":{"line":51,"column":0},"end":{"line":51,"column":50}},"51":{"start":{"line":52,"column":0},"end":{"line":52,"column":3}},"56":{"start":{"line":57,"column":0},"end":{"line":57,"column":61}},"57":{"start":{"line":58,"column":0},"end":{"line":58,"column":31}},"58":{"start":{"line":59,"column":0},"end":{"line":59,"column":3}},"63":{"start":{"line":64,"column":0},"end":{"line":64,"column":48}},"64":{"start":{"line":65,"column":0},"end":{"line":65,"column":55}},"66":{"start":{"line":67,"column":0},"end":{"line":67,"column":19}},"67":{"start":{"line":68,"column":0},"end":{"line":68,"column":50}},"68":{"start":{"line":69,"column":0},"end":{"line":69,"column":30}},"69":{"start":{"line":70,"column":0},"end":{"line":70,"column":33}},"70":{"start":{"line":71,"column":0},"end":{"line":71,"column":44}},"71":{"start":{"line":72,"column":0},"end":{"line":72,"column":12}},"72":{"start":{"line":73,"column":0},"end":{"line":73,"column":42}},"73":{"start":{"line":74,"column":0},"end":{"line":74,"column":35}},"74":{"start":{"line":75,"column":0},"end":{"line":75,"column":43}},"75":{"start":{"line":76,"column":0},"end":{"line":76,"column":23}},"76":{"start":{"line":77,"column":0},"end":{"line":77,"column":26}},"77":{"start":{"line":78,"column":0},"end":{"line":78,"column":37}},"78":{"start":{"line":79,"column":0},"end":{"line":79,"column":8}},"79":{"start":{"line":80,"column":0},"end":{"line":80,"column":5}},"80":{"start":{"line":81,"column":0},"end":{"line":81,"column":3}},"85":{"start":{"line":86,"column":0},"end":{"line":86,"column":17}},"86":{"start":{"line":87,"column":0},"end":{"line":87,"column":31}},"88":{"start":{"line":89,"column":0},"end":{"line":89,"column":41}},"89":{"start":{"line":90,"column":0},"end":{"line":90,"column":24}},"90":{"start":{"line":91,"column":0},"end":{"line":91,"column":28}},"91":{"start":{"line":92,"column":0},"end":{"line":92,"column":3}},"96":{"start":{"line":97,"column":0},"end":{"line":97,"column":16}},"97":{"start":{"line":98,"column":0},"end":{"line":98,"column":26}},"98":{"start":{"line":99,"column":0},"end":{"line":99,"column":36}},"99":{"start":{"line":100,"column":0},"end":{"line":100,"column":28}},"100":{"start":{"line":101,"column":0},"end":{"line":101,"column":5}},"101":{"start":{"line":102,"column":0},"end":{"line":102,"column":3}},"106":{"start":{"line":107,"column":0},"end":{"line":107,"column":31}},"107":{"start":{"line":108,"column":0},"end":{"line":108,"column":26}},"108":{"start":{"line":109,"column":0},"end":{"line":109,"column":72}},"110":{"start":{"line":111,"column":0},"end":{"line":111,"column":50}},"111":{"start":{"line":112,"column":0},"end":{"line":112,"column":48}},"113":{"start":{"line":114,"column":0},"end":{"line":114,"column":32}},"115":{"start":{"line":116,"column":0},"end":{"line":116,"column":39}},"116":{"start":{"line":117,"column":0},"end":{"line":117,"column":32}},"117":{"start":{"line":118,"column":0},"end":{"line":118,"column":58}},"120":{"start":{"line":121,"column":0},"end":{"line":121,"column":33}},"121":{"start":{"line":122,"column":0},"end":{"line":122,"column":37}},"122":{"start":{"line":123,"column":0},"end":{"line":123,"column":11}},"123":{"start":{"line":124,"column":0},"end":{"line":124,"column":9}},"124":{"start":{"line":125,"column":0},"end":{"line":125,"column":50}},"126":{"start":{"line":127,"column":0},"end":{"line":127,"column":28}},"127":{"start":{"line":128,"column":0},"end":{"line":128,"column":64}},"128":{"start":{"line":129,"column":0},"end":{"line":129,"column":37}},"129":{"start":{"line":130,"column":0},"end":{"line":130,"column":9}},"130":{"start":{"line":131,"column":0},"end":{"line":131,"column":7}},"131":{"start":{"line":132,"column":0},"end":{"line":132,"column":5}},"132":{"start":{"line":133,"column":0},"end":{"line":133,"column":3}},"137":{"start":{"line":138,"column":0},"end":{"line":138,"column":66}},"138":{"start":{"line":139,"column":0},"end":{"line":139,"column":35}},"139":{"start":{"line":140,"column":0},"end":{"line":140,"column":3}},"144":{"start":{"line":145,"column":0},"end":{"line":145,"column":39}},"145":{"start":{"line":146,"column":0},"end":{"line":146,"column":43}},"146":{"start":{"line":147,"column":0},"end":{"line":147,"column":3}},"151":{"start":{"line":152,"column":0},"end":{"line":152,"column":38}},"152":{"start":{"line":153,"column":0},"end":{"line":153,"column":31}},"153":{"start":{"line":154,"column":0},"end":{"line":154,"column":3}},"158":{"start":{"line":159,"column":0},"end":{"line":159,"column":17}},"159":{"start":{"line":160,"column":0},"end":{"line":160,"column":23}},"160":{"start":{"line":161,"column":0},"end":{"line":161,"column":3}},"161":{"start":{"line":162,"column":0},"end":{"line":162,"column":1}},"167":{"start":{"line":168,"column":0},"end":{"line":168,"column":30}},"168":{"start":{"line":169,"column":0},"end":{"line":169,"column":25}},"169":{"start":{"line":170,"column":0},"end":{"line":170,"column":33}},"170":{"start":{"line":171,"column":0},"end":{"line":171,"column":65}},"171":{"start":{"line":172,"column":0},"end":{"line":172,"column":49}},"172":{"start":{"line":173,"column":0},"end":{"line":173,"column":52}},"173":{"start":{"line":174,"column":0},"end":{"line":174,"column":26}},"174":{"start":{"line":175,"column":0},"end":{"line":175,"column":38}},"176":{"start":{"line":177,"column":0},"end":{"line":177,"column":67}},"177":{"start":{"line":178,"column":0},"end":{"line":178,"column":26}},"178":{"start":{"line":179,"column":0},"end":{"line":179,"column":50}},"179":{"start":{"line":180,"column":0},"end":{"line":180,"column":3}},"184":{"start":{"line":185,"column":0},"end":{"line":185,"column":61}},"185":{"start":{"line":186,"column":0},"end":{"line":186,"column":26}},"186":{"start":{"line":187,"column":0},"end":{"line":187,"column":3}},"191":{"start":{"line":192,"column":0},"end":{"line":192,"column":54}},"192":{"start":{"line":193,"column":0},"end":{"line":193,"column":24}},"193":{"start":{"line":194,"column":0},"end":{"line":194,"column":3}},"198":{"start":{"line":199,"column":0},"end":{"line":199,"column":40}},"199":{"start":{"line":200,"column":0},"end":{"line":200,"column":29}},"200":{"start":{"line":201,"column":0},"end":{"line":201,"column":3}},"205":{"start":{"line":206,"column":0},"end":{"line":206,"column":40}},"206":{"start":{"line":207,"column":0},"end":{"line":207,"column":31}},"208":{"start":{"line":209,"column":0},"end":{"line":209,"column":41}},"209":{"start":{"line":210,"column":0},"end":{"line":210,"column":32}},"210":{"start":{"line":211,"column":0},"end":{"line":211,"column":5}},"211":{"start":{"line":212,"column":0},"end":{"line":212,"column":3}},"216":{"start":{"line":217,"column":0},"end":{"line":217,"column":17}},"217":{"start":{"line":218,"column":0},"end":{"line":218,"column":30}},"219":{"start":{"line":220,"column":0},"end":{"line":220,"column":40}},"220":{"start":{"line":221,"column":0},"end":{"line":221,"column":26}},"221":{"start":{"line":222,"column":0},"end":{"line":222,"column":28}},"222":{"start":{"line":223,"column":0},"end":{"line":223,"column":3}},"227":{"start":{"line":228,"column":0},"end":{"line":228,"column":16}},"228":{"start":{"line":229,"column":0},"end":{"line":229,"column":25}},"229":{"start":{"line":230,"column":0},"end":{"line":230,"column":35}},"230":{"start":{"line":231,"column":0},"end":{"line":231,"column":27}},"231":{"start":{"line":232,"column":0},"end":{"line":232,"column":5}},"232":{"start":{"line":233,"column":0},"end":{"line":233,"column":3}},"237":{"start":{"line":238,"column":0},"end":{"line":238,"column":33}},"238":{"start":{"line":239,"column":0},"end":{"line":239,"column":57}},"239":{"start":{"line":240,"column":0},"end":{"line":240,"column":81}},"240":{"start":{"line":241,"column":0},"end":{"line":241,"column":17}},"242":{"start":{"line":243,"column":0},"end":{"line":243,"column":34}},"243":{"start":{"line":244,"column":0},"end":{"line":244,"column":24}},"244":{"start":{"line":245,"column":0},"end":{"line":245,"column":21}},"245":{"start":{"line":246,"column":0},"end":{"line":246,"column":28}},"246":{"start":{"line":247,"column":0},"end":{"line":247,"column":28}},"247":{"start":{"line":248,"column":0},"end":{"line":248,"column":26}},"248":{"start":{"line":249,"column":0},"end":{"line":249,"column":45}},"249":{"start":{"line":250,"column":0},"end":{"line":250,"column":22}},"250":{"start":{"line":251,"column":0},"end":{"line":251,"column":5}},"252":{"start":{"line":253,"column":0},"end":{"line":253,"column":22}},"253":{"start":{"line":254,"column":0},"end":{"line":254,"column":28}},"254":{"start":{"line":255,"column":0},"end":{"line":255,"column":5}},"255":{"start":{"line":256,"column":0},"end":{"line":256,"column":3}},"256":{"start":{"line":257,"column":0},"end":{"line":257,"column":1}},"267":{"start":{"line":268,"column":0},"end":{"line":268,"column":60}},"268":{"start":{"line":269,"column":0},"end":{"line":269,"column":32}},"269":{"start":{"line":270,"column":0},"end":{"line":270,"column":37}},"270":{"start":{"line":271,"column":0},"end":{"line":271,"column":1}},"279":{"start":{"line":280,"column":0},"end":{"line":280,"column":36}},"280":{"start":{"line":281,"column":0},"end":{"line":281,"column":41}},"281":{"start":{"line":282,"column":0},"end":{"line":282,"column":39}},"282":{"start":{"line":283,"column":0},"end":{"line":283,"column":66}},"283":{"start":{"line":284,"column":0},"end":{"line":284,"column":50}},"284":{"start":{"line":285,"column":0},"end":{"line":285,"column":65}},"285":{"start":{"line":286,"column":0},"end":{"line":286,"column":34}},"287":{"start":{"line":288,"column":0},"end":{"line":288,"column":58}},"288":{"start":{"line":289,"column":0},"end":{"line":289,"column":61}},"289":{"start":{"line":290,"column":0},"end":{"line":290,"column":3}},"294":{"start":{"line":295,"column":0},"end":{"line":295,"column":77}},"295":{"start":{"line":296,"column":0},"end":{"line":296,"column":34}},"296":{"start":{"line":297,"column":0},"end":{"line":297,"column":3}},"301":{"start":{"line":302,"column":0},"end":{"line":302,"column":16}},"302":{"start":{"line":303,"column":0},"end":{"line":303,"column":26}},"303":{"start":{"line":304,"column":0},"end":{"line":304,"column":43}},"304":{"start":{"line":305,"column":0},"end":{"line":305,"column":23}},"307":{"start":{"line":308,"column":0},"end":{"line":308,"column":36}},"308":{"start":{"line":309,"column":0},"end":{"line":309,"column":34}},"309":{"start":{"line":310,"column":0},"end":{"line":310,"column":5}},"310":{"start":{"line":311,"column":0},"end":{"line":311,"column":3}},"315":{"start":{"line":316,"column":0},"end":{"line":316,"column":17}},"316":{"start":{"line":317,"column":0},"end":{"line":317,"column":31}},"318":{"start":{"line":319,"column":0},"end":{"line":319,"column":41}},"319":{"start":{"line":320,"column":0},"end":{"line":320,"column":18}},"320":{"start":{"line":321,"column":0},"end":{"line":321,"column":28}},"321":{"start":{"line":322,"column":0},"end":{"line":322,"column":3}},"326":{"start":{"line":327,"column":0},"end":{"line":327,"column":16}},"327":{"start":{"line":328,"column":0},"end":{"line":328,"column":26}},"328":{"start":{"line":329,"column":0},"end":{"line":329,"column":36}},"329":{"start":{"line":330,"column":0},"end":{"line":330,"column":28}},"330":{"start":{"line":331,"column":0},"end":{"line":331,"column":5}},"331":{"start":{"line":332,"column":0},"end":{"line":332,"column":3}},"336":{"start":{"line":337,"column":0},"end":{"line":337,"column":25}},"337":{"start":{"line":338,"column":0},"end":{"line":338,"column":46}},"339":{"start":{"line":340,"column":0},"end":{"line":340,"column":42}},"341":{"start":{"line":342,"column":0},"end":{"line":342,"column":31}},"342":{"start":{"line":343,"column":0},"end":{"line":343,"column":53}},"344":{"start":{"line":345,"column":0},"end":{"line":345,"column":35}},"345":{"start":{"line":346,"column":0},"end":{"line":346,"column":5}},"346":{"start":{"line":347,"column":0},"end":{"line":347,"column":3}},"351":{"start":{"line":352,"column":0},"end":{"line":352,"column":63}},"352":{"start":{"line":353,"column":0},"end":{"line":353,"column":36}},"353":{"start":{"line":354,"column":0},"end":{"line":354,"column":29}},"354":{"start":{"line":355,"column":0},"end":{"line":355,"column":32}},"355":{"start":{"line":356,"column":0},"end":{"line":356,"column":38}},"356":{"start":{"line":357,"column":0},"end":{"line":357,"column":7}},"357":{"start":{"line":358,"column":0},"end":{"line":358,"column":5}},"358":{"start":{"line":359,"column":0},"end":{"line":359,"column":3}},"363":{"start":{"line":364,"column":0},"end":{"line":364,"column":37}},"364":{"start":{"line":365,"column":0},"end":{"line":365,"column":22}},"365":{"start":{"line":366,"column":0},"end":{"line":366,"column":3}},"370":{"start":{"line":371,"column":0},"end":{"line":371,"column":25}},"371":{"start":{"line":372,"column":0},"end":{"line":372,"column":24}},"372":{"start":{"line":373,"column":0},"end":{"line":373,"column":3}},"377":{"start":{"line":378,"column":0},"end":{"line":378,"column":29}},"378":{"start":{"line":379,"column":0},"end":{"line":379,"column":28}},"379":{"start":{"line":380,"column":0},"end":{"line":380,"column":3}},"384":{"start":{"line":385,"column":0},"end":{"line":385,"column":37}},"385":{"start":{"line":386,"column":0},"end":{"line":386,"column":46}},"386":{"start":{"line":387,"column":0},"end":{"line":387,"column":61}},"387":{"start":{"line":388,"column":0},"end":{"line":388,"column":3}},"388":{"start":{"line":389,"column":0},"end":{"line":389,"column":1}}},"s":{"26":1,"27":1,"28":1,"29":1,"43":1,"44":1,"45":38,"46":38,"47":38,"49":1,"50":38,"51":38,"56":1,"57":36,"58":36,"63":1,"64":7,"66":7,"67":0,"68":0,"69":0,"70":0,"71":7,"72":7,"73":7,"74":7,"75":7,"76":7,"77":7,"78":7,"79":7,"80":7,"85":1,"86":27,"88":27,"89":7,"90":27,"91":27,"96":1,"97":28,"98":27,"99":27,"100":27,"101":28,"106":1,"107":7,"108":7,"110":7,"111":7,"113":7,"115":4,"116":1,"117":1,"120":1,"121":1,"122":1,"123":1,"124":7,"126":2,"127":2,"128":0,"129":0,"130":2,"131":7,"132":7,"137":1,"138":7,"139":7,"144":1,"145":0,"146":0,"151":1,"152":0,"153":0,"158":1,"159":0,"160":0,"161":1,"167":1,"168":1,"169":2,"170":2,"171":2,"172":2,"173":2,"174":2,"176":1,"177":2,"178":2,"179":2,"184":1,"185":2,"186":2,"191":1,"192":1,"193":1,"198":1,"199":1,"200":1,"205":1,"206":0,"208":0,"209":0,"210":0,"211":0,"216":1,"217":2,"219":2,"220":3,"221":2,"222":2,"227":1,"228":2,"229":2,"230":2,"231":2,"232":2,"237":1,"238":3,"239":0,"240":3,"242":3,"243":3,"244":3,"245":3,"246":3,"247":3,"248":3,"249":3,"250":3,"252":3,"253":3,"254":3,"255":3,"256":1,"267":1,"268":1,"269":1,"270":1,"279":1,"280":1,"281":44,"282":44,"283":44,"284":44,"285":44,"287":1,"288":44,"289":44,"294":1,"295":36,"296":36,"301":1,"302":7,"303":7,"304":7,"307":7,"308":1,"309":1,"310":7,"315":1,"316":32,"318":32,"319":17,"320":32,"321":32,"326":1,"327":37,"328":32,"329":32,"330":32,"331":37,"336":1,"337":17,"339":17,"341":4,"342":17,"344":8,"345":8,"346":17,"351":1,"352":13,"353":9,"354":9,"355":2,"356":2,"357":9,"358":13,"363":1,"364":8,"365":8,"370":1,"371":4,"372":4,"377":1,"378":3,"379":3,"384":1,"385":3,"386":3,"387":3,"388":1},"branchMap":{"0":{"type":"branch","line":45,"loc":{"start":{"line":45,"column":10},"end":{"line":48,"column":49}},"locations":[{"start":{"line":45,"column":10},"end":{"line":48,"column":49}}]},"1":{"type":"branch","line":50,"loc":{"start":{"line":50,"column":2},"end":{"line":52,"column":3}},"locations":[{"start":{"line":50,"column":2},"end":{"line":52,"column":3}}]},"2":{"type":"branch","line":57,"loc":{"start":{"line":57,"column":2},"end":{"line":59,"column":3}},"locations":[{"start":{"line":57,"column":2},"end":{"line":59,"column":3}}]},"3":{"type":"branch","line":64,"loc":{"start":{"line":64,"column":2},"end":{"line":81,"column":3}},"locations":[{"start":{"line":64,"column":2},"end":{"line":81,"column":3}}]},"4":{"type":"branch","line":67,"loc":{"start":{"line":67,"column":18},"end":{"line":72,"column":11}},"locations":[{"start":{"line":67,"column":18},"end":{"line":72,"column":11}}]},"5":{"type":"branch","line":86,"loc":{"start":{"line":86,"column":2},"end":{"line":92,"column":3}},"locations":[{"start":{"line":86,"column":2},"end":{"line":92,"column":3}}]},"6":{"type":"branch","line":87,"loc":{"start":{"line":87,"column":25},"end":{"line":87,"column":31}},"locations":[{"start":{"line":87,"column":25},"end":{"line":87,"column":31}}]},"7":{"type":"branch","line":89,"loc":{"start":{"line":89,"column":34},"end":{"line":91,"column":7}},"locations":[{"start":{"line":89,"column":34},"end":{"line":91,"column":7}}]},"8":{"type":"branch","line":97,"loc":{"start":{"line":97,"column":2},"end":{"line":102,"column":3}},"locations":[{"start":{"line":97,"column":2},"end":{"line":102,"column":3}}]},"9":{"type":"branch","line":98,"loc":{"start":{"line":98,"column":25},"end":{"line":101,"column":5}},"locations":[{"start":{"line":98,"column":25},"end":{"line":101,"column":5}}]},"10":{"type":"branch","line":107,"loc":{"start":{"line":107,"column":10},"end":{"line":133,"column":3}},"locations":[{"start":{"line":107,"column":10},"end":{"line":133,"column":3}}]},"11":{"type":"branch","line":114,"loc":{"start":{"line":114,"column":31},"end":{"line":125,"column":17}},"locations":[{"start":{"line":114,"column":31},"end":{"line":125,"column":17}}]},"12":{"type":"branch","line":116,"loc":{"start":{"line":116,"column":38},"end":{"line":124,"column":9}},"locations":[{"start":{"line":116,"column":38},"end":{"line":124,"column":9}}]},"13":{"type":"branch","line":125,"loc":{"start":{"line":125,"column":6},"end":{"line":131,"column":7}},"locations":[{"start":{"line":125,"column":6},"end":{"line":131,"column":7}}]},"14":{"type":"branch","line":125,"loc":{"start":{"line":125,"column":49},"end":{"line":131,"column":7}},"locations":[{"start":{"line":125,"column":49},"end":{"line":131,"column":7}}]},"15":{"type":"branch","line":128,"loc":{"start":{"line":128,"column":63},"end":{"line":130,"column":9}},"locations":[{"start":{"line":128,"column":63},"end":{"line":130,"column":9}}]},"16":{"type":"branch","line":138,"loc":{"start":{"line":138,"column":2},"end":{"line":140,"column":3}},"locations":[{"start":{"line":138,"column":2},"end":{"line":140,"column":3}}]},"17":{"type":"branch","line":169,"loc":{"start":{"line":169,"column":10},"end":{"line":175,"column":38}},"locations":[{"start":{"line":169,"column":10},"end":{"line":175,"column":38}}]},"18":{"type":"branch","line":177,"loc":{"start":{"line":177,"column":2},"end":{"line":180,"column":3}},"locations":[{"start":{"line":177,"column":2},"end":{"line":180,"column":3}}]},"19":{"type":"branch","line":185,"loc":{"start":{"line":185,"column":2},"end":{"line":187,"column":3}},"locations":[{"start":{"line":185,"column":2},"end":{"line":187,"column":3}}]},"20":{"type":"branch","line":192,"loc":{"start":{"line":192,"column":2},"end":{"line":194,"column":3}},"locations":[{"start":{"line":192,"column":2},"end":{"line":194,"column":3}}]},"21":{"type":"branch","line":199,"loc":{"start":{"line":199,"column":2},"end":{"line":201,"column":3}},"locations":[{"start":{"line":199,"column":2},"end":{"line":201,"column":3}}]},"22":{"type":"branch","line":217,"loc":{"start":{"line":217,"column":2},"end":{"line":223,"column":3}},"locations":[{"start":{"line":217,"column":2},"end":{"line":223,"column":3}}]},"23":{"type":"branch","line":218,"loc":{"start":{"line":218,"column":24},"end":{"line":218,"column":30}},"locations":[{"start":{"line":218,"column":24},"end":{"line":218,"column":30}}]},"24":{"type":"branch","line":220,"loc":{"start":{"line":220,"column":33},"end":{"line":222,"column":7}},"locations":[{"start":{"line":220,"column":33},"end":{"line":222,"column":7}}]},"25":{"type":"branch","line":228,"loc":{"start":{"line":228,"column":2},"end":{"line":233,"column":3}},"locations":[{"start":{"line":228,"column":2},"end":{"line":233,"column":3}}]},"26":{"type":"branch","line":238,"loc":{"start":{"line":238,"column":10},"end":{"line":256,"column":3}},"locations":[{"start":{"line":238,"column":10},"end":{"line":256,"column":3}}]},"27":{"type":"branch","line":239,"loc":{"start":{"line":239,"column":56},"end":{"line":240,"column":81}},"locations":[{"start":{"line":239,"column":56},"end":{"line":240,"column":81}}]},"28":{"type":"branch","line":281,"loc":{"start":{"line":281,"column":10},"end":{"line":286,"column":34}},"locations":[{"start":{"line":281,"column":10},"end":{"line":286,"column":34}}]},"29":{"type":"branch","line":288,"loc":{"start":{"line":288,"column":2},"end":{"line":290,"column":3}},"locations":[{"start":{"line":288,"column":2},"end":{"line":290,"column":3}}]},"30":{"type":"branch","line":295,"loc":{"start":{"line":295,"column":2},"end":{"line":297,"column":3}},"locations":[{"start":{"line":295,"column":2},"end":{"line":297,"column":3}}]},"31":{"type":"branch","line":302,"loc":{"start":{"line":302,"column":2},"end":{"line":311,"column":3}},"locations":[{"start":{"line":302,"column":2},"end":{"line":311,"column":3}}]},"32":{"type":"branch","line":308,"loc":{"start":{"line":308,"column":35},"end":{"line":310,"column":5}},"locations":[{"start":{"line":308,"column":35},"end":{"line":310,"column":5}}]},"33":{"type":"branch","line":316,"loc":{"start":{"line":316,"column":2},"end":{"line":322,"column":3}},"locations":[{"start":{"line":316,"column":2},"end":{"line":322,"column":3}}]},"34":{"type":"branch","line":317,"loc":{"start":{"line":317,"column":25},"end":{"line":317,"column":31}},"locations":[{"start":{"line":317,"column":25},"end":{"line":317,"column":31}}]},"35":{"type":"branch","line":319,"loc":{"start":{"line":319,"column":34},"end":{"line":321,"column":7}},"locations":[{"start":{"line":319,"column":34},"end":{"line":321,"column":7}}]},"36":{"type":"branch","line":327,"loc":{"start":{"line":327,"column":2},"end":{"line":332,"column":3}},"locations":[{"start":{"line":327,"column":2},"end":{"line":332,"column":3}}]},"37":{"type":"branch","line":328,"loc":{"start":{"line":328,"column":25},"end":{"line":331,"column":5}},"locations":[{"start":{"line":328,"column":25},"end":{"line":331,"column":5}}]},"38":{"type":"branch","line":337,"loc":{"start":{"line":337,"column":10},"end":{"line":347,"column":3}},"locations":[{"start":{"line":337,"column":10},"end":{"line":347,"column":3}}]},"39":{"type":"branch","line":340,"loc":{"start":{"line":340,"column":41},"end":{"line":343,"column":15}},"locations":[{"start":{"line":340,"column":41},"end":{"line":343,"column":15}}]},"40":{"type":"branch","line":343,"loc":{"start":{"line":343,"column":4},"end":{"line":346,"column":5}},"locations":[{"start":{"line":343,"column":4},"end":{"line":346,"column":5}}]},"41":{"type":"branch","line":343,"loc":{"start":{"line":343,"column":52},"end":{"line":346,"column":5}},"locations":[{"start":{"line":343,"column":52},"end":{"line":346,"column":5}}]},"42":{"type":"branch","line":352,"loc":{"start":{"line":352,"column":10},"end":{"line":359,"column":3}},"locations":[{"start":{"line":352,"column":10},"end":{"line":359,"column":3}}]},"43":{"type":"branch","line":353,"loc":{"start":{"line":353,"column":35},"end":{"line":358,"column":5}},"locations":[{"start":{"line":353,"column":35},"end":{"line":358,"column":5}}]},"44":{"type":"branch","line":355,"loc":{"start":{"line":355,"column":31},"end":{"line":357,"column":7}},"locations":[{"start":{"line":355,"column":31},"end":{"line":357,"column":7}}]},"45":{"type":"branch","line":364,"loc":{"start":{"line":364,"column":2},"end":{"line":366,"column":3}},"locations":[{"start":{"line":364,"column":2},"end":{"line":366,"column":3}}]},"46":{"type":"branch","line":371,"loc":{"start":{"line":371,"column":2},"end":{"line":373,"column":3}},"locations":[{"start":{"line":371,"column":2},"end":{"line":373,"column":3}}]},"47":{"type":"branch","line":378,"loc":{"start":{"line":378,"column":2},"end":{"line":380,"column":3}},"locations":[{"start":{"line":378,"column":2},"end":{"line":380,"column":3}}]},"48":{"type":"branch","line":385,"loc":{"start":{"line":385,"column":2},"end":{"line":388,"column":3}},"locations":[{"start":{"line":385,"column":2},"end":{"line":388,"column":3}}]},"49":{"type":"branch","line":387,"loc":{"start":{"line":387,"column":33},"end":{"line":387,"column":54}},"locations":[{"start":{"line":387,"column":33},"end":{"line":387,"column":54}}]},"50":{"type":"branch","line":387,"loc":{"start":{"line":387,"column":45},"end":{"line":387,"column":61}},"locations":[{"start":{"line":387,"column":45},"end":{"line":387,"column":61}}]}},"b":{"0":[38],"1":[38],"2":[36],"3":[7],"4":[0],"5":[27],"6":[0],"7":[7],"8":[28],"9":[27],"10":[7],"11":[4],"12":[1],"13":[3],"14":[2],"15":[0],"16":[7],"17":[2],"18":[2],"19":[2],"20":[1],"21":[1],"22":[2],"23":[0],"24":[3],"25":[2],"26":[3],"27":[0],"28":[44],"29":[44],"30":[36],"31":[7],"32":[1],"33":[32],"34":[0],"35":[17],"36":[37],"37":[32],"38":[17],"39":[4],"40":[13],"41":[8],"42":[13],"43":[9],"44":[2],"45":[8],"46":[4],"47":[3],"48":[3],"49":[1],"50":[2]},"fnMap":{"0":{"name":"<instance_members_initializer>","decl":{"start":{"line":45,"column":10},"end":{"line":48,"column":49}},"loc":{"start":{"line":45,"column":10},"end":{"line":48,"column":49}},"line":45},"1":{"name":"HeartbeatMonitor","decl":{"start":{"line":50,"column":2},"end":{"line":52,"column":3}},"loc":{"start":{"line":50,"column":2},"end":{"line":52,"column":3}},"line":50},"2":{"name":"setOnAgentDead","decl":{"start":{"line":57,"column":2},"end":{"line":59,"column":3}},"loc":{"start":{"line":57,"column":2},"end":{"line":59,"column":3}},"line":57},"3":{"name":"receiveHeartbeat","decl":{"start":{"line":64,"column":2},"end":{"line":81,"column":3}},"loc":{"start":{"line":64,"column":2},"end":{"line":81,"column":3}},"line":64},"4":{"name":"start","decl":{"start":{"line":86,"column":2},"end":{"line":92,"column":3}},"loc":{"start":{"line":86,"column":2},"end":{"line":92,"column":3}},"line":86},"5":{"name":"stop","decl":{"start":{"line":97,"column":2},"end":{"line":102,"column":3}},"loc":{"start":{"line":97,"column":2},"end":{"line":102,"column":3}},"line":97},"6":{"name":"checkAgents","decl":{"start":{"line":107,"column":10},"end":{"line":133,"column":3}},"loc":{"start":{"line":107,"column":10},"end":{"line":133,"column":3}},"line":107},"7":{"name":"getAgentStatus","decl":{"start":{"line":138,"column":2},"end":{"line":140,"column":3}},"loc":{"start":{"line":138,"column":2},"end":{"line":140,"column":3}},"line":138},"8":{"name":"getAllStatus","decl":{"start":{"line":145,"column":2},"end":{"line":147,"column":3}},"loc":{"start":{"line":145,"column":2},"end":{"line":147,"column":3}},"line":145},"9":{"name":"removeAgent","decl":{"start":{"line":152,"column":2},"end":{"line":154,"column":3}},"loc":{"start":{"line":152,"column":2},"end":{"line":154,"column":3}},"line":152},"10":{"name":"clear","decl":{"start":{"line":159,"column":2},"end":{"line":161,"column":3}},"loc":{"start":{"line":159,"column":2},"end":{"line":161,"column":3}},"line":159},"11":{"name":"<instance_members_initializer>","decl":{"start":{"line":169,"column":10},"end":{"line":175,"column":38}},"loc":{"start":{"line":169,"column":10},"end":{"line":175,"column":38}},"line":169},"12":{"name":"HeartbeatSender","decl":{"start":{"line":177,"column":2},"end":{"line":180,"column":3}},"loc":{"start":{"line":177,"column":2},"end":{"line":180,"column":3}},"line":177},"13":{"name":"setOnSend","decl":{"start":{"line":185,"column":2},"end":{"line":187,"column":3}},"loc":{"start":{"line":185,"column":2},"end":{"line":187,"column":3}},"line":185},"14":{"name":"setStatus","decl":{"start":{"line":192,"column":2},"end":{"line":194,"column":3}},"loc":{"start":{"line":192,"column":2},"end":{"line":194,"column":3}},"line":192},"15":{"name":"setSessionCount","decl":{"start":{"line":199,"column":2},"end":{"line":201,"column":3}},"loc":{"start":{"line":199,"column":2},"end":{"line":201,"column":3}},"line":199},"16":{"name":"recordResponseTime","decl":{"start":{"line":206,"column":2},"end":{"line":212,"column":3}},"loc":{"start":{"line":206,"column":2},"end":{"line":212,"column":3}},"line":206},"17":{"name":"start","decl":{"start":{"line":217,"column":2},"end":{"line":223,"column":3}},"loc":{"start":{"line":217,"column":2},"end":{"line":223,"column":3}},"line":217},"18":{"name":"stop","decl":{"start":{"line":228,"column":2},"end":{"line":233,"column":3}},"loc":{"start":{"line":228,"column":2},"end":{"line":233,"column":3}},"line":228},"19":{"name":"sendHeartbeat","decl":{"start":{"line":238,"column":10},"end":{"line":256,"column":3}},"loc":{"start":{"line":238,"column":10},"end":{"line":256,"column":3}},"line":238},"20":{"name":"<instance_members_initializer>","decl":{"start":{"line":281,"column":10},"end":{"line":286,"column":34}},"loc":{"start":{"line":281,"column":10},"end":{"line":286,"column":34}},"line":281},"21":{"name":"SentinelSelfHeartbeat","decl":{"start":{"line":288,"column":2},"end":{"line":290,"column":3}},"loc":{"start":{"line":288,"column":2},"end":{"line":290,"column":3}},"line":288},"22":{"name":"setOnStatusChange","decl":{"start":{"line":295,"column":2},"end":{"line":297,"column":3}},"loc":{"start":{"line":295,"column":2},"end":{"line":297,"column":3}},"line":295},"23":{"name":"beat","decl":{"start":{"line":302,"column":2},"end":{"line":311,"column":3}},"loc":{"start":{"line":302,"column":2},"end":{"line":311,"column":3}},"line":302},"24":{"name":"start","decl":{"start":{"line":316,"column":2},"end":{"line":322,"column":3}},"loc":{"start":{"line":316,"column":2},"end":{"line":322,"column":3}},"line":316},"25":{"name":"stop","decl":{"start":{"line":327,"column":2},"end":{"line":332,"column":3}},"loc":{"start":{"line":327,"column":2},"end":{"line":332,"column":3}},"line":327},"26":{"name":"check","decl":{"start":{"line":337,"column":10},"end":{"line":347,"column":3}},"loc":{"start":{"line":337,"column":10},"end":{"line":347,"column":3}},"line":337},"27":{"name":"updateStatus","decl":{"start":{"line":352,"column":10},"end":{"line":359,"column":3}},"loc":{"start":{"line":352,"column":10},"end":{"line":359,"column":3}},"line":352},"28":{"name":"getStatus","decl":{"start":{"line":364,"column":2},"end":{"line":366,"column":3}},"loc":{"start":{"line":364,"column":2},"end":{"line":366,"column":3}},"line":364},"29":{"name":"getLastBeat","decl":{"start":{"line":371,"column":2},"end":{"line":373,"column":3}},"loc":{"start":{"line":371,"column":2},"end":{"line":373,"column":3}},"line":371},"30":{"name":"getEventLoopLag","decl":{"start":{"line":378,"column":2},"end":{"line":380,"column":3}},"loc":{"start":{"line":378,"column":2},"end":{"line":380,"column":3}},"line":378},"31":{"name":"externalCheck","decl":{"start":{"line":385,"column":2},"end":{"line":388,"column":3}},"loc":{"start":{"line":385,"column":2},"end":{"line":388,"column":3}},"line":385}},"f":{"0":38,"1":38,"2":36,"3":7,"4":27,"5":28,"6":7,"7":7,"8":0,"9":0,"10":0,"11":2,"12":2,"13":2,"14":1,"15":1,"16":0,"17":2,"18":2,"19":3,"20":44,"21":44,"22":36,"23":7,"24":32,"25":37,"26":17,"27":13,"28":8,"29":4,"30":3,"31":3}}
,"/Users/c1/dev/ColoBot/packages/sentinel/src/index.ts": {"path":"/Users/c1/dev/ColoBot/packages/sentinel/src/index.ts","all":false,"statementMap":{"0":{"start":{"line":1,"column":0},"end":{"line":1,"column":3}},"150":{"start":{"line":151,"column":0},"end":{"line":151,"column":23}},"151":{"start":{"line":152,"column":0},"end":{"line":152,"column":32}},"152":{"start":{"line":153,"column":0},"end":{"line":153,"column":37}},"153":{"start":{"line":154,"column":0},"end":{"line":154,"column":44}},"154":{"start":{"line":155,"column":0},"end":{"line":155,"column":32}},"155":{"start":{"line":156,"column":0},"end":{"line":156,"column":30}},"156":{"start":{"line":157,"column":0},"end":{"line":157,"column":42}},"157":{"start":{"line":158,"column":0},"end":{"line":158,"column":47}},"158":{"start":{"line":159,"column":0},"end":{"line":159,"column":46}},"160":{"start":{"line":161,"column":0},"end":{"line":161,"column":40}},"161":{"start":{"line":162,"column":0},"end":{"line":162,"column":59}},"162":{"start":{"line":163,"column":0},"end":{"line":163,"column":42}},"164":{"start":{"line":165,"column":0},"end":{"line":165,"column":50}},"165":{"start":{"line":166,"column":0},"end":{"line":166,"column":50}},"166":{"start":{"line":167,"column":0},"end":{"line":167,"column":57}},"167":{"start":{"line":168,"column":0},"end":{"line":168,"column":6}},"169":{"start":{"line":170,"column":0},"end":{"line":170,"column":38}},"170":{"start":{"line":171,"column":0},"end":{"line":171,"column":36}},"171":{"start":{"line":172,"column":0},"end":{"line":172,"column":62}},"174":{"start":{"line":175,"column":0},"end":{"line":175,"column":74}},"175":{"start":{"line":176,"column":0},"end":{"line":176,"column":38}},"176":{"start":{"line":177,"column":0},"end":{"line":177,"column":50}},"177":{"start":{"line":178,"column":0},"end":{"line":178,"column":48}},"178":{"start":{"line":179,"column":0},"end":{"line":179,"column":34}},"179":{"start":{"line":180,"column":0},"end":{"line":180,"column":50}},"180":{"start":{"line":181,"column":0},"end":{"line":181,"column":67}},"181":{"start":{"line":182,"column":0},"end":{"line":182,"column":8}},"182":{"start":{"line":183,"column":0},"end":{"line":183,"column":6}},"185":{"start":{"line":186,"column":0},"end":{"line":186,"column":55}},"186":{"start":{"line":187,"column":0},"end":{"line":187,"column":35}},"187":{"start":{"line":188,"column":0},"end":{"line":188,"column":6}},"190":{"start":{"line":191,"column":0},"end":{"line":191,"column":52}},"191":{"start":{"line":192,"column":0},"end":{"line":192,"column":49}},"192":{"start":{"line":193,"column":0},"end":{"line":193,"column":6}},"195":{"start":{"line":196,"column":0},"end":{"line":196,"column":52}},"196":{"start":{"line":197,"column":0},"end":{"line":197,"column":50}},"197":{"start":{"line":198,"column":0},"end":{"line":198,"column":52}},"198":{"start":{"line":199,"column":0},"end":{"line":199,"column":6}},"199":{"start":{"line":200,"column":0},"end":{"line":200,"column":54}},"200":{"start":{"line":201,"column":0},"end":{"line":201,"column":61}},"201":{"start":{"line":202,"column":0},"end":{"line":202,"column":6}},"202":{"start":{"line":203,"column":0},"end":{"line":203,"column":3}},"207":{"start":{"line":208,"column":0},"end":{"line":208,"column":17}},"208":{"start":{"line":209,"column":0},"end":{"line":209,"column":33}},"209":{"start":{"line":210,"column":0},"end":{"line":210,"column":31}},"210":{"start":{"line":211,"column":0},"end":{"line":211,"column":30}},"211":{"start":{"line":212,"column":0},"end":{"line":212,"column":3}},"216":{"start":{"line":217,"column":0},"end":{"line":217,"column":16}},"217":{"start":{"line":218,"column":0},"end":{"line":218,"column":32}},"218":{"start":{"line":219,"column":0},"end":{"line":219,"column":30}},"219":{"start":{"line":220,"column":0},"end":{"line":220,"column":29}},"220":{"start":{"line":221,"column":0},"end":{"line":221,"column":3}},"225":{"start":{"line":226,"column":0},"end":{"line":226,"column":16}},"226":{"start":{"line":227,"column":0},"end":{"line":227,"column":29}},"227":{"start":{"line":228,"column":0},"end":{"line":228,"column":3}},"232":{"start":{"line":233,"column":0},"end":{"line":233,"column":25}},"233":{"start":{"line":234,"column":0},"end":{"line":234,"column":12}},"234":{"start":{"line":235,"column":0},"end":{"line":235,"column":45}},"235":{"start":{"line":236,"column":0},"end":{"line":236,"column":49}},"236":{"start":{"line":237,"column":0},"end":{"line":237,"column":57}},"237":{"start":{"line":238,"column":0},"end":{"line":238,"column":5}},"238":{"start":{"line":239,"column":0},"end":{"line":239,"column":3}},"243":{"start":{"line":244,"column":0},"end":{"line":244,"column":37}},"244":{"start":{"line":245,"column":0},"end":{"line":245,"column":45}},"245":{"start":{"line":246,"column":0},"end":{"line":246,"column":3}},"252":{"start":{"line":253,"column":0},"end":{"line":253,"column":66}},"253":{"start":{"line":254,"column":0},"end":{"line":254,"column":56}},"254":{"start":{"line":255,"column":0},"end":{"line":255,"column":3}},"259":{"start":{"line":260,"column":0},"end":{"line":260,"column":99}},"260":{"start":{"line":261,"column":0},"end":{"line":261,"column":53}},"262":{"start":{"line":263,"column":0},"end":{"line":263,"column":23}},"263":{"start":{"line":264,"column":0},"end":{"line":264,"column":70}},"264":{"start":{"line":265,"column":0},"end":{"line":265,"column":55}},"265":{"start":{"line":266,"column":0},"end":{"line":266,"column":38}},"266":{"start":{"line":267,"column":0},"end":{"line":267,"column":5}},"268":{"start":{"line":269,"column":0},"end":{"line":269,"column":25}},"269":{"start":{"line":270,"column":0},"end":{"line":270,"column":3}},"276":{"start":{"line":277,"column":0},"end":{"line":277,"column":48}},"277":{"start":{"line":278,"column":0},"end":{"line":278,"column":47}},"278":{"start":{"line":279,"column":0},"end":{"line":279,"column":3}},"285":{"start":{"line":286,"column":0},"end":{"line":286,"column":48}},"286":{"start":{"line":287,"column":0},"end":{"line":287,"column":53}},"287":{"start":{"line":288,"column":0},"end":{"line":288,"column":3}},"292":{"start":{"line":293,"column":0},"end":{"line":293,"column":41}},"293":{"start":{"line":294,"column":0},"end":{"line":294,"column":56}},"294":{"start":{"line":295,"column":0},"end":{"line":295,"column":3}},"301":{"start":{"line":302,"column":0},"end":{"line":302,"column":64}},"302":{"start":{"line":303,"column":0},"end":{"line":303,"column":41}},"303":{"start":{"line":304,"column":0},"end":{"line":304,"column":3}},"308":{"start":{"line":309,"column":0},"end":{"line":309,"column":53}},"309":{"start":{"line":310,"column":0},"end":{"line":310,"column":53}},"310":{"start":{"line":311,"column":0},"end":{"line":311,"column":3}},"317":{"start":{"line":318,"column":0},"end":{"line":318,"column":70}},"318":{"start":{"line":319,"column":0},"end":{"line":319,"column":58}},"319":{"start":{"line":320,"column":0},"end":{"line":320,"column":3}},"324":{"start":{"line":325,"column":0},"end":{"line":325,"column":41}},"325":{"start":{"line":326,"column":0},"end":{"line":326,"column":54}},"326":{"start":{"line":327,"column":0},"end":{"line":327,"column":3}},"333":{"start":{"line":334,"column":0},"end":{"line":334,"column":65}},"334":{"start":{"line":335,"column":0},"end":{"line":335,"column":56}},"335":{"start":{"line":336,"column":0},"end":{"line":336,"column":3}},"340":{"start":{"line":341,"column":0},"end":{"line":341,"column":41}},"341":{"start":{"line":342,"column":0},"end":{"line":342,"column":47}},"342":{"start":{"line":343,"column":0},"end":{"line":343,"column":3}},"347":{"start":{"line":348,"column":0},"end":{"line":348,"column":46}},"348":{"start":{"line":349,"column":0},"end":{"line":349,"column":45}},"349":{"start":{"line":350,"column":0},"end":{"line":350,"column":3}},"354":{"start":{"line":355,"column":0},"end":{"line":355,"column":86}},"355":{"start":{"line":356,"column":0},"end":{"line":356,"column":51}},"356":{"start":{"line":357,"column":0},"end":{"line":357,"column":3}},"361":{"start":{"line":362,"column":0},"end":{"line":362,"column":45}},"362":{"start":{"line":363,"column":0},"end":{"line":363,"column":57}},"363":{"start":{"line":364,"column":0},"end":{"line":364,"column":3}},"370":{"start":{"line":371,"column":0},"end":{"line":371,"column":50}},"371":{"start":{"line":372,"column":0},"end":{"line":372,"column":75}},"374":{"start":{"line":375,"column":0},"end":{"line":375,"column":56}},"375":{"start":{"line":376,"column":0},"end":{"line":376,"column":37}},"376":{"start":{"line":377,"column":0},"end":{"line":377,"column":44}},"377":{"start":{"line":378,"column":0},"end":{"line":378,"column":70}},"378":{"start":{"line":379,"column":0},"end":{"line":379,"column":7}},"379":{"start":{"line":380,"column":0},"end":{"line":380,"column":5}},"380":{"start":{"line":381,"column":0},"end":{"line":381,"column":3}},"385":{"start":{"line":386,"column":0},"end":{"line":386,"column":67}},"386":{"start":{"line":387,"column":0},"end":{"line":387,"column":55}},"388":{"start":{"line":389,"column":0},"end":{"line":389,"column":16}},"389":{"start":{"line":390,"column":0},"end":{"line":390,"column":43}},"390":{"start":{"line":391,"column":0},"end":{"line":391,"column":52}},"391":{"start":{"line":392,"column":0},"end":{"line":392,"column":9}},"392":{"start":{"line":393,"column":0},"end":{"line":393,"column":34}},"393":{"start":{"line":394,"column":0},"end":{"line":394,"column":45}},"394":{"start":{"line":395,"column":0},"end":{"line":395,"column":9}},"395":{"start":{"line":396,"column":0},"end":{"line":396,"column":7}},"396":{"start":{"line":397,"column":0},"end":{"line":397,"column":5}},"398":{"start":{"line":399,"column":0},"end":{"line":399,"column":74}},"399":{"start":{"line":400,"column":0},"end":{"line":400,"column":3}},"404":{"start":{"line":405,"column":0},"end":{"line":405,"column":66}},"405":{"start":{"line":406,"column":0},"end":{"line":406,"column":21}},"406":{"start":{"line":407,"column":0},"end":{"line":407,"column":26}},"407":{"start":{"line":408,"column":0},"end":{"line":408,"column":29}},"408":{"start":{"line":409,"column":0},"end":{"line":409,"column":30}},"409":{"start":{"line":410,"column":0},"end":{"line":410,"column":22}},"410":{"start":{"line":411,"column":0},"end":{"line":411,"column":30}},"411":{"start":{"line":412,"column":0},"end":{"line":412,"column":24}},"412":{"start":{"line":413,"column":0},"end":{"line":413,"column":27}},"413":{"start":{"line":414,"column":0},"end":{"line":414,"column":14}},"414":{"start":{"line":415,"column":0},"end":{"line":415,"column":30}},"415":{"start":{"line":416,"column":0},"end":{"line":416,"column":5}},"416":{"start":{"line":417,"column":0},"end":{"line":417,"column":3}},"417":{"start":{"line":418,"column":0},"end":{"line":418,"column":1}},"426":{"start":{"line":427,"column":0},"end":{"line":427,"column":43}},"428":{"start":{"line":429,"column":0},"end":{"line":429,"column":64}},"429":{"start":{"line":430,"column":0},"end":{"line":430,"column":25}},"430":{"start":{"line":431,"column":0},"end":{"line":431,"column":42}},"431":{"start":{"line":432,"column":0},"end":{"line":432,"column":3}},"432":{"start":{"line":433,"column":0},"end":{"line":433,"column":24}},"433":{"start":{"line":434,"column":0},"end":{"line":434,"column":1}},"435":{"start":{"line":436,"column":0},"end":{"line":436,"column":66}},"436":{"start":{"line":437,"column":0},"end":{"line":437,"column":40}},"437":{"start":{"line":438,"column":0},"end":{"line":438,"column":24}},"438":{"start":{"line":439,"column":0},"end":{"line":439,"column":1}}},"s":{"0":1,"150":1,"151":1,"152":35,"153":35,"154":35,"155":35,"156":35,"157":35,"158":35,"160":1,"161":35,"162":35,"164":35,"165":35,"166":35,"167":35,"169":35,"170":35,"171":35,"174":35,"175":35,"176":35,"177":35,"178":35,"179":0,"180":0,"181":0,"182":35,"185":35,"186":0,"187":35,"190":35,"191":6,"192":35,"195":35,"196":35,"197":35,"198":35,"199":35,"200":0,"201":35,"202":35,"207":1,"208":26,"209":26,"210":26,"211":26,"216":1,"217":27,"218":27,"219":27,"220":27,"225":1,"226":3,"227":3,"232":1,"233":2,"234":2,"235":2,"236":2,"237":2,"238":2,"243":1,"244":1,"245":1,"252":1,"253":6,"254":6,"259":1,"260":2,"262":2,"263":1,"264":1,"265":1,"266":1,"268":1,"269":2,"276":1,"277":7,"278":7,"285":1,"286":4,"287":4,"292":1,"293":4,"294":4,"301":1,"302":3,"303":3,"308":1,"309":4,"310":4,"317":1,"318":6,"319":6,"324":1,"325":1,"326":1,"333":1,"334":3,"335":3,"340":1,"341":1,"342":1,"347":1,"348":1,"349":1,"354":1,"355":1,"356":1,"361":1,"362":3,"363":3,"370":1,"371":0,"374":0,"375":0,"376":0,"377":0,"378":0,"379":0,"380":0,"385":1,"386":6,"388":6,"389":0,"390":0,"391":0,"392":0,"393":0,"394":0,"395":0,"396":0,"398":6,"399":6,"404":1,"405":7,"406":7,"407":7,"408":1,"409":7,"410":0,"411":7,"412":1,"413":7,"414":5,"415":7,"416":7,"417":1,"426":1,"428":1,"429":0,"430":0,"431":0,"432":0,"433":0,"435":1,"436":0,"437":0,"438":0},"branchMap":{"0":{"type":"branch","line":152,"loc":{"start":{"line":152,"column":10},"end":{"line":159,"column":46}},"locations":[{"start":{"line":152,"column":10},"end":{"line":159,"column":46}}]},"1":{"type":"branch","line":161,"loc":{"start":{"line":161,"column":2},"end":{"line":203,"column":3}},"locations":[{"start":{"line":161,"column":2},"end":{"line":203,"column":3}}]},"2":{"type":"branch","line":162,"loc":{"start":{"line":162,"column":22},"end":{"line":162,"column":44}},"locations":[{"start":{"line":162,"column":22},"end":{"line":162,"column":44}}]},"3":{"type":"branch","line":166,"loc":{"start":{"line":166,"column":16},"end":{"line":166,"column":45}},"locations":[{"start":{"line":166,"column":16},"end":{"line":166,"column":45}}]},"4":{"type":"branch","line":166,"loc":{"start":{"line":166,"column":24},"end":{"line":166,"column":50}},"locations":[{"start":{"line":166,"column":24},"end":{"line":166,"column":50}}]},"5":{"type":"branch","line":167,"loc":{"start":{"line":167,"column":23},"end":{"line":167,"column":55}},"locations":[{"start":{"line":167,"column":23},"end":{"line":167,"column":55}}]},"6":{"type":"branch","line":167,"loc":{"start":{"line":167,"column":31},"end":{"line":167,"column":57}},"locations":[{"start":{"line":167,"column":31},"end":{"line":167,"column":57}}]},"7":{"type":"branch","line":175,"loc":{"start":{"line":175,"column":52},"end":{"line":175,"column":73}},"locations":[{"start":{"line":175,"column":52},"end":{"line":175,"column":73}}]},"8":{"type":"branch","line":197,"loc":{"start":{"line":197,"column":16},"end":{"line":197,"column":45}},"locations":[{"start":{"line":197,"column":16},"end":{"line":197,"column":45}}]},"9":{"type":"branch","line":198,"loc":{"start":{"line":198,"column":17},"end":{"line":198,"column":47}},"locations":[{"start":{"line":198,"column":17},"end":{"line":198,"column":47}}]},"10":{"type":"branch","line":191,"loc":{"start":{"line":191,"column":39},"end":{"line":193,"column":5}},"locations":[{"start":{"line":191,"column":39},"end":{"line":193,"column":5}}]},"11":{"type":"branch","line":208,"loc":{"start":{"line":208,"column":2},"end":{"line":212,"column":3}},"locations":[{"start":{"line":208,"column":2},"end":{"line":212,"column":3}}]},"12":{"type":"branch","line":217,"loc":{"start":{"line":217,"column":2},"end":{"line":221,"column":3}},"locations":[{"start":{"line":217,"column":2},"end":{"line":221,"column":3}}]},"13":{"type":"branch","line":226,"loc":{"start":{"line":226,"column":2},"end":{"line":228,"column":3}},"locations":[{"start":{"line":226,"column":2},"end":{"line":228,"column":3}}]},"14":{"type":"branch","line":233,"loc":{"start":{"line":233,"column":2},"end":{"line":239,"column":3}},"locations":[{"start":{"line":233,"column":2},"end":{"line":239,"column":3}}]},"15":{"type":"branch","line":244,"loc":{"start":{"line":244,"column":2},"end":{"line":246,"column":3}},"locations":[{"start":{"line":244,"column":2},"end":{"line":246,"column":3}}]},"16":{"type":"branch","line":253,"loc":{"start":{"line":253,"column":2},"end":{"line":255,"column":3}},"locations":[{"start":{"line":253,"column":2},"end":{"line":255,"column":3}}]},"17":{"type":"branch","line":260,"loc":{"start":{"line":260,"column":2},"end":{"line":270,"column":3}},"locations":[{"start":{"line":260,"column":2},"end":{"line":270,"column":3}}]},"18":{"type":"branch","line":263,"loc":{"start":{"line":263,"column":22},"end":{"line":269,"column":25}},"locations":[{"start":{"line":263,"column":22},"end":{"line":269,"column":25}}]},"19":{"type":"branch","line":277,"loc":{"start":{"line":277,"column":2},"end":{"line":279,"column":3}},"locations":[{"start":{"line":277,"column":2},"end":{"line":279,"column":3}}]},"20":{"type":"branch","line":286,"loc":{"start":{"line":286,"column":2},"end":{"line":288,"column":3}},"locations":[{"start":{"line":286,"column":2},"end":{"line":288,"column":3}}]},"21":{"type":"branch","line":293,"loc":{"start":{"line":293,"column":2},"end":{"line":295,"column":3}},"locations":[{"start":{"line":293,"column":2},"end":{"line":295,"column":3}}]},"22":{"type":"branch","line":302,"loc":{"start":{"line":302,"column":2},"end":{"line":304,"column":3}},"locations":[{"start":{"line":302,"column":2},"end":{"line":304,"column":3}}]},"23":{"type":"branch","line":309,"loc":{"start":{"line":309,"column":2},"end":{"line":311,"column":3}},"locations":[{"start":{"line":309,"column":2},"end":{"line":311,"column":3}}]},"24":{"type":"branch","line":318,"loc":{"start":{"line":318,"column":2},"end":{"line":320,"column":3}},"locations":[{"start":{"line":318,"column":2},"end":{"line":320,"column":3}}]},"25":{"type":"branch","line":325,"loc":{"start":{"line":325,"column":2},"end":{"line":327,"column":3}},"locations":[{"start":{"line":325,"column":2},"end":{"line":327,"column":3}}]},"26":{"type":"branch","line":334,"loc":{"start":{"line":334,"column":2},"end":{"line":336,"column":3}},"locations":[{"start":{"line":334,"column":2},"end":{"line":336,"column":3}}]},"27":{"type":"branch","line":341,"loc":{"start":{"line":341,"column":2},"end":{"line":343,"column":3}},"locations":[{"start":{"line":341,"column":2},"end":{"line":343,"column":3}}]},"28":{"type":"branch","line":348,"loc":{"start":{"line":348,"column":2},"end":{"line":350,"column":3}},"locations":[{"start":{"line":348,"column":2},"end":{"line":350,"column":3}}]},"29":{"type":"branch","line":355,"loc":{"start":{"line":355,"column":2},"end":{"line":357,"column":3}},"locations":[{"start":{"line":355,"column":2},"end":{"line":357,"column":3}}]},"30":{"type":"branch","line":362,"loc":{"start":{"line":362,"column":2},"end":{"line":364,"column":3}},"locations":[{"start":{"line":362,"column":2},"end":{"line":364,"column":3}}]},"31":{"type":"branch","line":386,"loc":{"start":{"line":386,"column":10},"end":{"line":400,"column":3}},"locations":[{"start":{"line":386,"column":10},"end":{"line":400,"column":3}}]},"32":{"type":"branch","line":389,"loc":{"start":{"line":389,"column":15},"end":{"line":397,"column":5}},"locations":[{"start":{"line":389,"column":15},"end":{"line":397,"column":5}}]},"33":{"type":"branch","line":405,"loc":{"start":{"line":405,"column":10},"end":{"line":417,"column":3}},"locations":[{"start":{"line":405,"column":10},"end":{"line":417,"column":3}}]},"34":{"type":"branch","line":407,"loc":{"start":{"line":407,"column":6},"end":{"line":407,"column":26}},"locations":[{"start":{"line":407,"column":6},"end":{"line":407,"column":26}}]},"35":{"type":"branch","line":408,"loc":{"start":{"line":408,"column":6},"end":{"line":409,"column":30}},"locations":[{"start":{"line":408,"column":6},"end":{"line":409,"column":30}}]},"36":{"type":"branch","line":410,"loc":{"start":{"line":410,"column":6},"end":{"line":411,"column":30}},"locations":[{"start":{"line":410,"column":6},"end":{"line":411,"column":30}}]},"37":{"type":"branch","line":412,"loc":{"start":{"line":412,"column":6},"end":{"line":413,"column":27}},"locations":[{"start":{"line":412,"column":6},"end":{"line":413,"column":27}}]},"38":{"type":"branch","line":414,"loc":{"start":{"line":414,"column":6},"end":{"line":415,"column":30}},"locations":[{"start":{"line":414,"column":6},"end":{"line":415,"column":30}}]}},"b":{"0":[35],"1":[35],"2":[1],"3":[1],"4":[34],"5":[1],"6":[34],"7":[1],"8":[1],"9":[1],"10":[6],"11":[26],"12":[27],"13":[3],"14":[2],"15":[1],"16":[6],"17":[2],"18":[1],"19":[7],"20":[4],"21":[4],"22":[3],"23":[4],"24":[6],"25":[1],"26":[3],"27":[1],"28":[1],"29":[1],"30":[3],"31":[6],"32":[0],"33":[7],"34":[1],"35":[1],"36":[0],"37":[1],"38":[5]},"fnMap":{"0":{"name":"<instance_members_initializer>","decl":{"start":{"line":152,"column":10},"end":{"line":159,"column":46}},"loc":{"start":{"line":152,"column":10},"end":{"line":159,"column":46}},"line":152},"1":{"name":"Sentinel","decl":{"start":{"line":161,"column":2},"end":{"line":203,"column":3}},"loc":{"start":{"line":161,"column":2},"end":{"line":203,"column":3}},"line":161},"2":{"name":"onTakeover","decl":{"start":{"line":179,"column":18},"end":{"line":182,"column":8}},"loc":{"start":{"line":179,"column":18},"end":{"line":182,"column":8}},"line":179},"3":{"name":"start","decl":{"start":{"line":208,"column":2},"end":{"line":212,"column":3}},"loc":{"start":{"line":208,"column":2},"end":{"line":212,"column":3}},"line":208},"4":{"name":"stop","decl":{"start":{"line":217,"column":2},"end":{"line":221,"column":3}},"loc":{"start":{"line":217,"column":2},"end":{"line":221,"column":3}},"line":217},"5":{"name":"beat","decl":{"start":{"line":226,"column":2},"end":{"line":228,"column":3}},"loc":{"start":{"line":226,"column":2},"end":{"line":228,"column":3}},"line":226},"6":{"name":"getSelfHealthStatus","decl":{"start":{"line":233,"column":2},"end":{"line":239,"column":3}},"loc":{"start":{"line":233,"column":2},"end":{"line":239,"column":3}},"line":233},"7":{"name":"externalCheck","decl":{"start":{"line":244,"column":2},"end":{"line":246,"column":3}},"loc":{"start":{"line":244,"column":2},"end":{"line":246,"column":3}},"line":244},"8":{"name":"scanInput","decl":{"start":{"line":253,"column":2},"end":{"line":255,"column":3}},"loc":{"start":{"line":253,"column":2},"end":{"line":255,"column":3}},"line":253},"9":{"name":"scanInputWithTakeover","decl":{"start":{"line":260,"column":2},"end":{"line":270,"column":3}},"loc":{"start":{"line":260,"column":2},"end":{"line":270,"column":3}},"line":260},"10":{"name":"scanOutput","decl":{"start":{"line":277,"column":2},"end":{"line":279,"column":3}},"loc":{"start":{"line":277,"column":2},"end":{"line":279,"column":3}},"line":277},"11":{"name":"receiveHeartbeat","decl":{"start":{"line":286,"column":2},"end":{"line":288,"column":3}},"loc":{"start":{"line":286,"column":2},"end":{"line":288,"column":3}},"line":286},"12":{"name":"getAgentHealthStatus","decl":{"start":{"line":293,"column":2},"end":{"line":295,"column":3}},"loc":{"start":{"line":293,"column":2},"end":{"line":295,"column":3}},"line":293},"13":{"name":"getSessionState","decl":{"start":{"line":302,"column":2},"end":{"line":304,"column":3}},"loc":{"start":{"line":302,"column":2},"end":{"line":304,"column":3}},"line":302},"14":{"name":"createStateUpdater","decl":{"start":{"line":309,"column":2},"end":{"line":311,"column":3}},"loc":{"start":{"line":309,"column":2},"end":{"line":311,"column":3}},"line":309},"15":{"name":"triggerTakeover","decl":{"start":{"line":318,"column":2},"end":{"line":320,"column":3}},"loc":{"start":{"line":318,"column":2},"end":{"line":320,"column":3}},"line":318},"16":{"name":"createSignalReceiver","decl":{"start":{"line":325,"column":2},"end":{"line":327,"column":3}},"loc":{"start":{"line":325,"column":2},"end":{"line":327,"column":3}},"line":325},"17":{"name":"startSessionTimeout","decl":{"start":{"line":334,"column":2},"end":{"line":336,"column":3}},"loc":{"start":{"line":334,"column":2},"end":{"line":336,"column":3}},"line":334},"18":{"name":"touchSession","decl":{"start":{"line":341,"column":2},"end":{"line":343,"column":3}},"loc":{"start":{"line":341,"column":2},"end":{"line":343,"column":3}},"line":341},"19":{"name":"endSessionTimeout","decl":{"start":{"line":348,"column":2},"end":{"line":350,"column":3}},"loc":{"start":{"line":348,"column":2},"end":{"line":350,"column":3}},"line":348},"20":{"name":"getTimeoutMessages","decl":{"start":{"line":355,"column":2},"end":{"line":357,"column":3}},"loc":{"start":{"line":355,"column":2},"end":{"line":357,"column":3}},"line":355},"21":{"name":"getSessionTimeoutState","decl":{"start":{"line":362,"column":2},"end":{"line":364,"column":3}},"loc":{"start":{"line":362,"column":2},"end":{"line":364,"column":3}},"line":362},"22":{"name":"handleAgentDead","decl":{"start":{"line":371,"column":10},"end":{"line":381,"column":3}},"loc":{"start":{"line":371,"column":10},"end":{"line":381,"column":3}},"line":371},"23":{"name":"generateTakeoverMessage","decl":{"start":{"line":386,"column":10},"end":{"line":400,"column":3}},"loc":{"start":{"line":386,"column":10},"end":{"line":400,"column":3}},"line":386},"24":{"name":"mapReasonToFallbackType","decl":{"start":{"line":405,"column":10},"end":{"line":417,"column":3}},"loc":{"start":{"line":405,"column":10},"end":{"line":417,"column":3}},"line":405},"25":{"name":"getSentinel","decl":{"start":{"line":429,"column":7},"end":{"line":434,"column":1}},"loc":{"start":{"line":429,"column":7},"end":{"line":434,"column":1}},"line":429},"26":{"name":"resetSentinel","decl":{"start":{"line":436,"column":7},"end":{"line":439,"column":1}},"loc":{"start":{"line":436,"column":7},"end":{"line":439,"column":1}},"line":436}},"f":{"0":35,"1":35,"2":0,"3":26,"4":27,"5":3,"6":2,"7":1,"8":6,"9":2,"10":7,"11":4,"12":4,"13":3,"14":4,"15":6,"16":1,"17":3,"18":1,"19":1,"20":1,"21":3,"22":0,"23":6,"24":7,"25":0,"26":0}}
,"/Users/c1/dev/ColoBot/packages/sentinel/src/llm-takeover.ts": {"path":"/Users/c1/dev/ColoBot/packages/sentinel/src/llm-takeover.ts","all":false,"statementMap":{"0":{"start":{"line":1,"column":0},"end":{"line":1,"column":3}},"22":{"start":{"line":23,"column":0},"end":{"line":23,"column":43}},"23":{"start":{"line":24,"column":0},"end":{"line":24,"column":16}},"24":{"start":{"line":25,"column":0},"end":{"line":25,"column":16}},"25":{"start":{"line":26,"column":0},"end":{"line":26,"column":16}},"26":{"start":{"line":27,"column":0},"end":{"line":27,"column":1}},"52":{"start":{"line":53,"column":0},"end":{"line":53,"column":68}},"53":{"start":{"line":54,"column":0},"end":{"line":54,"column":35}},"54":{"start":{"line":55,"column":0},"end":{"line":55,"column":23}},"58":{"start":{"line":59,"column":0},"end":{"line":59,"column":64}},"60":{"start":{"line":61,"column":0},"end":{"line":61,"column":6}},"61":{"start":{"line":62,"column":0},"end":{"line":62,"column":50}},"62":{"start":{"line":63,"column":0},"end":{"line":63,"column":30}},"63":{"start":{"line":64,"column":0},"end":{"line":64,"column":3}},"68":{"start":{"line":69,"column":0},"end":{"line":69,"column":113}},"69":{"start":{"line":70,"column":0},"end":{"line":70,"column":27}},"70":{"start":{"line":71,"column":0},"end":{"line":71,"column":3}},"75":{"start":{"line":76,"column":0},"end":{"line":76,"column":61}},"76":{"start":{"line":77,"column":0},"end":{"line":77,"column":50}},"77":{"start":{"line":78,"column":0},"end":{"line":78,"column":45}},"78":{"start":{"line":79,"column":0},"end":{"line":79,"column":5}},"80":{"start":{"line":81,"column":0},"end":{"line":81,"column":9}},"81":{"start":{"line":82,"column":0},"end":{"line":82,"column":46}},"82":{"start":{"line":83,"column":0},"end":{"line":83,"column":50}},"83":{"start":{"line":84,"column":0},"end":{"line":84,"column":60}},"84":{"start":{"line":85,"column":0},"end":{"line":85,"column":42}},"85":{"start":{"line":86,"column":0},"end":{"line":86,"column":8}},"87":{"start":{"line":88,"column":0},"end":{"line":88,"column":57}},"88":{"start":{"line":89,"column":0},"end":{"line":89,"column":21}},"89":{"start":{"line":90,"column":0},"end":{"line":90,"column":68}},"90":{"start":{"line":91,"column":0},"end":{"line":91,"column":45}},"91":{"start":{"line":92,"column":0},"end":{"line":92,"column":5}},"92":{"start":{"line":93,"column":0},"end":{"line":93,"column":3}},"97":{"start":{"line":98,"column":0},"end":{"line":98,"column":37}},"98":{"start":{"line":99,"column":0},"end":{"line":99,"column":51}},"109":{"start":{"line":110,"column":0},"end":{"line":110,"column":3}},"114":{"start":{"line":115,"column":0},"end":{"line":115,"column":57}},"115":{"start":{"line":116,"column":0},"end":{"line":116,"column":64}},"116":{"start":{"line":117,"column":0},"end":{"line":117,"column":38}},"118":{"start":{"line":119,"column":0},"end":{"line":119,"column":34}},"119":{"start":{"line":120,"column":0},"end":{"line":120,"column":70}},"120":{"start":{"line":121,"column":0},"end":{"line":121,"column":5}},"122":{"start":{"line":123,"column":0},"end":{"line":123,"column":30}},"123":{"start":{"line":124,"column":0},"end":{"line":124,"column":50}},"124":{"start":{"line":125,"column":0},"end":{"line":125,"column":5}},"126":{"start":{"line":127,"column":0},"end":{"line":127,"column":29}},"128":{"start":{"line":129,"column":0},"end":{"line":129,"column":27}},"129":{"start":{"line":130,"column":0},"end":{"line":130,"column":3}},"134":{"start":{"line":135,"column":0},"end":{"line":135,"column":64}},"135":{"start":{"line":136,"column":0},"end":{"line":136,"column":21}},"136":{"start":{"line":137,"column":0},"end":{"line":137,"column":21}},"137":{"start":{"line":138,"column":0},"end":{"line":138,"column":25}},"138":{"start":{"line":139,"column":0},"end":{"line":139,"column":33}},"139":{"start":{"line":140,"column":0},"end":{"line":140,"column":24}},"140":{"start":{"line":141,"column":0},"end":{"line":141,"column":28}},"141":{"start":{"line":142,"column":0},"end":{"line":142,"column":24}},"142":{"start":{"line":143,"column":0},"end":{"line":143,"column":27}},"143":{"start":{"line":144,"column":0},"end":{"line":144,"column":24}},"144":{"start":{"line":145,"column":0},"end":{"line":145,"column":24}},"145":{"start":{"line":146,"column":0},"end":{"line":146,"column":23}},"146":{"start":{"line":147,"column":0},"end":{"line":147,"column":14}},"147":{"start":{"line":148,"column":0},"end":{"line":148,"column":23}},"148":{"start":{"line":149,"column":0},"end":{"line":149,"column":5}},"149":{"start":{"line":150,"column":0},"end":{"line":150,"column":3}},"154":{"start":{"line":155,"column":0},"end":{"line":155,"column":64}},"155":{"start":{"line":156,"column":0},"end":{"line":156,"column":43}},"156":{"start":{"line":157,"column":0},"end":{"line":157,"column":61}},"157":{"start":{"line":158,"column":0},"end":{"line":158,"column":30}},"158":{"start":{"line":159,"column":0},"end":{"line":159,"column":3}},"163":{"start":{"line":164,"column":0},"end":{"line":164,"column":73}},"164":{"start":{"line":165,"column":0},"end":{"line":165,"column":21}},"165":{"start":{"line":166,"column":0},"end":{"line":166,"column":21}},"166":{"start":{"line":167,"column":0},"end":{"line":167,"column":24}},"167":{"start":{"line":168,"column":0},"end":{"line":168,"column":33}},"168":{"start":{"line":169,"column":0},"end":{"line":169,"column":28}},"169":{"start":{"line":170,"column":0},"end":{"line":170,"column":28}},"170":{"start":{"line":171,"column":0},"end":{"line":171,"column":31}},"171":{"start":{"line":172,"column":0},"end":{"line":172,"column":27}},"172":{"start":{"line":173,"column":0},"end":{"line":173,"column":30}},"173":{"start":{"line":174,"column":0},"end":{"line":174,"column":24}},"174":{"start":{"line":175,"column":0},"end":{"line":175,"column":27}},"175":{"start":{"line":176,"column":0},"end":{"line":176,"column":14}},"176":{"start":{"line":177,"column":0},"end":{"line":177,"column":30}},"177":{"start":{"line":178,"column":0},"end":{"line":178,"column":5}},"178":{"start":{"line":179,"column":0},"end":{"line":179,"column":3}},"179":{"start":{"line":180,"column":0},"end":{"line":180,"column":1}},"190":{"start":{"line":191,"column":0},"end":{"line":191,"column":64}},"191":{"start":{"line":192,"column":0},"end":{"line":192,"column":61}},"192":{"start":{"line":193,"column":0},"end":{"line":193,"column":64}},"194":{"start":{"line":195,"column":0},"end":{"line":195,"column":34}},"195":{"start":{"line":196,"column":0},"end":{"line":196,"column":96}},"196":{"start":{"line":197,"column":0},"end":{"line":197,"column":5}},"198":{"start":{"line":199,"column":0},"end":{"line":199,"column":36}},"199":{"start":{"line":200,"column":0},"end":{"line":200,"column":3}},"201":{"start":{"line":202,"column":0},"end":{"line":202,"column":64}},"202":{"start":{"line":203,"column":0},"end":{"line":203,"column":21}},"203":{"start":{"line":204,"column":0},"end":{"line":204,"column":21}},"204":{"start":{"line":205,"column":0},"end":{"line":205,"column":25}},"205":{"start":{"line":206,"column":0},"end":{"line":206,"column":33}},"206":{"start":{"line":207,"column":0},"end":{"line":207,"column":24}},"207":{"start":{"line":208,"column":0},"end":{"line":208,"column":28}},"208":{"start":{"line":209,"column":0},"end":{"line":209,"column":24}},"209":{"start":{"line":210,"column":0},"end":{"line":210,"column":27}},"210":{"start":{"line":211,"column":0},"end":{"line":211,"column":24}},"211":{"start":{"line":212,"column":0},"end":{"line":212,"column":24}},"212":{"start":{"line":213,"column":0},"end":{"line":213,"column":23}},"213":{"start":{"line":214,"column":0},"end":{"line":214,"column":14}},"214":{"start":{"line":215,"column":0},"end":{"line":215,"column":23}},"215":{"start":{"line":216,"column":0},"end":{"line":216,"column":5}},"216":{"start":{"line":217,"column":0},"end":{"line":217,"column":3}},"217":{"start":{"line":218,"column":0},"end":{"line":218,"column":1}},"228":{"start":{"line":229,"column":0},"end":{"line":229,"column":37}},"229":{"start":{"line":230,"column":0},"end":{"line":230,"column":42}},"230":{"start":{"line":231,"column":0},"end":{"line":231,"column":45}},"232":{"start":{"line":233,"column":0},"end":{"line":233,"column":50}},"233":{"start":{"line":234,"column":0},"end":{"line":234,"column":51}},"234":{"start":{"line":235,"column":0},"end":{"line":235,"column":56}},"235":{"start":{"line":236,"column":0},"end":{"line":236,"column":3}},"240":{"start":{"line":241,"column":0},"end":{"line":241,"column":56}},"241":{"start":{"line":242,"column":0},"end":{"line":242,"column":30}},"242":{"start":{"line":243,"column":0},"end":{"line":243,"column":3}},"247":{"start":{"line":248,"column":0},"end":{"line":248,"column":61}},"248":{"start":{"line":249,"column":0},"end":{"line":249,"column":9}},"249":{"start":{"line":250,"column":0},"end":{"line":250,"column":51}},"250":{"start":{"line":251,"column":0},"end":{"line":251,"column":21}},"251":{"start":{"line":252,"column":0},"end":{"line":252,"column":87}},"252":{"start":{"line":253,"column":0},"end":{"line":253,"column":53}},"253":{"start":{"line":254,"column":0},"end":{"line":254,"column":5}},"254":{"start":{"line":255,"column":0},"end":{"line":255,"column":3}},"255":{"start":{"line":256,"column":0},"end":{"line":256,"column":1}},"261":{"start":{"line":262,"column":0},"end":{"line":262,"column":56}},"263":{"start":{"line":264,"column":0},"end":{"line":264,"column":102}},"264":{"start":{"line":265,"column":0},"end":{"line":265,"column":24}},"265":{"start":{"line":266,"column":0},"end":{"line":266,"column":58}},"266":{"start":{"line":267,"column":0},"end":{"line":267,"column":3}},"267":{"start":{"line":268,"column":0},"end":{"line":268,"column":23}},"268":{"start":{"line":269,"column":0},"end":{"line":269,"column":1}},"270":{"start":{"line":271,"column":0},"end":{"line":271,"column":104}},"271":{"start":{"line":272,"column":0},"end":{"line":272,"column":56}},"272":{"start":{"line":273,"column":0},"end":{"line":273,"column":23}},"273":{"start":{"line":274,"column":0},"end":{"line":274,"column":1}}},"s":{"0":1,"22":1,"23":1,"24":1,"25":1,"26":1,"52":1,"53":1,"54":3,"58":1,"60":3,"61":3,"62":3,"63":3,"68":1,"69":0,"70":0,"75":1,"76":3,"77":1,"78":1,"80":2,"81":2,"82":2,"83":2,"84":2,"85":2,"87":3,"88":3,"89":1,"90":1,"91":1,"92":3,"97":1,"98":2,"109":2,"114":1,"115":2,"116":2,"118":2,"119":0,"120":0,"122":2,"123":0,"124":0,"126":2,"128":2,"129":2,"134":1,"135":2,"136":2,"137":2,"138":2,"139":0,"140":2,"141":0,"142":2,"143":0,"144":2,"145":0,"146":2,"147":0,"148":2,"149":2,"154":1,"155":2,"156":2,"157":2,"158":2,"163":1,"164":2,"165":2,"166":2,"167":2,"168":0,"169":2,"170":0,"171":2,"172":0,"173":2,"174":0,"175":2,"176":0,"177":2,"178":2,"179":1,"190":1,"191":1,"192":6,"194":6,"195":2,"196":2,"198":4,"199":6,"201":1,"202":6,"203":6,"204":5,"205":6,"206":1,"207":6,"208":0,"209":6,"210":0,"211":6,"212":0,"213":6,"214":0,"215":6,"216":6,"217":1,"228":1,"229":1,"230":6,"232":1,"233":6,"234":6,"235":6,"240":1,"241":2,"242":2,"247":1,"248":3,"249":3,"250":3,"251":1,"252":1,"253":1,"254":3,"255":1,"261":1,"263":1,"264":3,"265":0,"266":0,"267":3,"268":3,"270":1,"271":3,"272":3,"273":3},"branchMap":{"0":{"type":"branch","line":54,"loc":{"start":{"line":54,"column":10},"end":{"line":55,"column":23}},"locations":[{"start":{"line":54,"column":10},"end":{"line":55,"column":23}}]},"1":{"type":"branch","line":59,"loc":{"start":{"line":59,"column":2},"end":{"line":64,"column":3}},"locations":[{"start":{"line":59,"column":2},"end":{"line":64,"column":3}}]},"2":{"type":"branch","line":76,"loc":{"start":{"line":76,"column":2},"end":{"line":93,"column":3}},"locations":[{"start":{"line":76,"column":2},"end":{"line":93,"column":3}}]},"3":{"type":"branch","line":77,"loc":{"start":{"line":77,"column":21},"end":{"line":77,"column":49}},"locations":[{"start":{"line":77,"column":21},"end":{"line":77,"column":49}}]},"4":{"type":"branch","line":77,"loc":{"start":{"line":77,"column":49},"end":{"line":79,"column":5}},"locations":[{"start":{"line":77,"column":49},"end":{"line":79,"column":5}}]},"5":{"type":"branch","line":79,"loc":{"start":{"line":79,"column":4},"end":{"line":86,"column":8}},"locations":[{"start":{"line":79,"column":4},"end":{"line":86,"column":8}}]},"6":{"type":"branch","line":86,"loc":{"start":{"line":86,"column":7},"end":{"line":88,"column":25}},"locations":[{"start":{"line":86,"column":7},"end":{"line":88,"column":25}}]},"7":{"type":"branch","line":88,"loc":{"start":{"line":88,"column":13},"end":{"line":88,"column":57}},"locations":[{"start":{"line":88,"column":13},"end":{"line":88,"column":57}}]},"8":{"type":"branch","line":89,"loc":{"start":{"line":89,"column":4},"end":{"line":92,"column":5}},"locations":[{"start":{"line":89,"column":4},"end":{"line":92,"column":5}}]},"9":{"type":"branch","line":98,"loc":{"start":{"line":98,"column":10},"end":{"line":110,"column":3}},"locations":[{"start":{"line":98,"column":10},"end":{"line":110,"column":3}}]},"10":{"type":"branch","line":115,"loc":{"start":{"line":115,"column":10},"end":{"line":130,"column":3}},"locations":[{"start":{"line":115,"column":10},"end":{"line":130,"column":3}}]},"11":{"type":"branch","line":119,"loc":{"start":{"line":119,"column":33},"end":{"line":121,"column":5}},"locations":[{"start":{"line":119,"column":33},"end":{"line":121,"column":5}}]},"12":{"type":"br
[...]
2}},"91":{"start":{"line":92,"column":0},"end":{"line":92,"column":50}},"92":{"start":{"line":93,"column":0},"end":{"line":93,"column":74}},"93":{"start":{"line":94,"column":0},"end":{"line":94,"column":6}},"94":{"start":{"line":95,"column":0},"end":{"line":95,"column":4}},"95":{"start":{"line":96,"column":0},"end":{"line":96,"column":2}}},"s":{"0":1,"3":1,"4":1,"6":1,"7":1,"9":1,"10":7,"11":1,"13":1,"14":1,"15":1,"16":1,"17":1,"18":1,"19":1,"21":1,"22":1,"23":1,"24":1,"25":1,"27":1,"28":1,"29":1,"31":1,"32":1,"34":1,"35":1,"36":1,"37":1,"39":1,"40":1,"41":1,"43":1,"44":1,"45":1,"46":1,"47":1,"48":1,"50":1,"51":1,"52":1,"53":1,"55":1,"56":1,"58":1,"59":3,"60":1,"62":1,"63":1,"65":1,"66":1,"68":1,"69":1,"70":1,"72":1,"73":1,"74":1,"75":1,"76":1,"78":1,"79":1,"80":1,"82":1,"83":1,"84":1,"86":1,"87":1,"88":1,"90":1,"91":1,"92":1,"93":1,"94":1,"95":1},"branchMap":{"0":{"type":"branch","line":7,"loc":{"start":{"line":7,"column":18},"end":{"line":96,"column":2}},"locations":[{"start":{"line":7,"column":18},"end":{"line":96,"column":2}}]},"1":{"type":"branch","line":10,"loc":{"start":{"line":10,"column":13},"end":{"line":12,"column":3}},"locations":[{"start":{"line":10,"column":13},"end":{"line":12,"column":3}}]},"2":{"type":"branch","line":14,"loc":{"start":{"line":14,"column":25},"end":{"line":54,"column":3}},"locations":[{"start":{"line":14,"column":25},"end":{"line":54,"column":3}}]},"3":{"type":"branch","line":15,"loc":{"start":{"line":15,"column":38},"end":{"line":26,"column":5}},"locations":[{"start":{"line":15,"column":38},"end":{"line":26,"column":5}}]},"4":{"type":"branch","line":28,"loc":{"start":{"line":28,"column":30},"end":{"line":33,"column":5}},"locations":[{"start":{"line":28,"column":30},"end":{"line":33,"column":5}}]},"5":{"type":"branch","line":35,"loc":{"start":{"line":35,"column":37},"end":{"line":42,"column":5}},"locations":[{"start":{"line":35,"column":37},"end":{"line":42,"column":5}}]},"6":{"type":"branch","line":44,"loc":{"start":{"line":44,"column":32},"end":{"line":53,"column":5}},"locations":[{"start":{"line":44,"column":32},"end":{"line":53,"column":5}}]},"7":{"type":"branch","line":56,"loc":{"start":{"line":56,"column":27},"end":{"line":95,"column":3}},"locations":[{"start":{"line":56,"column":27},"end":{"line":95,"column":3}}]},"8":{"type":"branch","line":59,"loc":{"start":{"line":59,"column":15},"end":{"line":61,"column":5}},"locations":[{"start":{"line":59,"column":15},"end":{"line":61,"column":5}}]},"9":{"type":"branch","line":63,"loc":{"start":{"line":63,"column":44},"end":{"line":77,"column":5}},"locations":[{"start":{"line":63,"column":44},"end":{"line":77,"column":5}}]},"10":{"type":"branch","line":79,"loc":{"start":{"line":79,"column":31},"end":{"line":85,"column":5}},"locations":[{"start":{"line":79,"column":31},"end":{"line":85,"column":5}}]},"11":{"type":"branch","line":87,"loc":{"start":{"line":87,"column":34},"end":{"line":94,"column":5}},"locations":[{"start":{"line":87,"column":34},"end":{"line":94,"column":5}}]}},"b":{"0":[1],"1":[7],"2":[1],"3":[1],"4":[1],"5":[1],"6":[1],"7":[1],"8":[3],"9":[1],"10":[1],"11":[1]},"fnMap":{},"f":{}}
,"/Users/c1/dev/ColoBot/packages/sentinel/src/__tests__/timeout-monitor.test.ts": {"path":"/Users/c1/dev/ColoBot/packages/sentinel/src/__tests__/timeout-monitor.test.ts","all":false,"statementMap":{"0":{"start":{"line":1,"column":0},"end":{"line":1,"column":3}},"4":{"start":{"line":5,"column":0},"end":{"line":5,"column":72}},"10":{"start":{"line":11,"column":0},"end":{"line":11,"column":30}},"12":{"start":{"line":13,"column":0},"end":{"line":13,"column":41}},"13":{"start":{"line":14,"column":0},"end":{"line":14,"column":36}},"15":{"start":{"line":16,"column":0},"end":{"line":16,"column":20}},"16":{"start":{"line":17,"column":0},"end":{"line":17,"column":41}},"17":{"start":{"line":18,"column":0},"end":{"line":18,"column":34}},"18":{"start":{"line":19,"column":0},"end":{"line":19,"column":34}},"19":{"start":{"line":20,"column":0},"end":{"line":20,"column":34}},"20":{"start":{"line":21,"column":0},"end":{"line":21,"column":39}},"21":{"start":{"line":22,"column":0},"end":{"line":22,"column":6}},"22":{"start":{"line":23,"column":0},"end":{"line":23,"column":4}},"24":{"start":{"line":25,"column":0},"end":{"line":25,"column":19}},"25":{"start":{"line":26,"column":0},"end":{"line":26,"column":18}},"26":{"start":{"line":27,"column":0},"end":{"line":27,"column":4}},"28":{"start":{"line":29,"column":0},"end":{"line":29,"column":34}},"29":{"start":{"line":30,"column":0},"end":{"line":30,"column":51}},"30":{"start":{"line":31,"column":0},"end":{"line":31,"column":50}},"31":{"start":{"line":32,"column":0},"end":{"line":32,"column":56}},"32":{"start":{"line":33,"column":0},"end":{"line":33,"column":33}},"33":{"start":{"line":34,"column":0},"end":{"line":34,"column":48}},"34":{"start":{"line":35,"column":0},"end":{"line":35,"column":44}},"35":{"start":{"line":36,"column":0},"end":{"line":36,"column":41}},"36":{"start":{"line":37,"column":0},"end":{"line":37,"column":6}},"37":{"start":{"line":38,"column":0},"end":{"line":38,"column":4}},"39":{"start":{"line":40,"column":0},"end":{"line":40,"column":34}},"40":{"start":{"line":41,"column":0},"end":{"line":41,"column":50}},"41":{"start":{"line":42,"column":0},"end":{"line":42,"column":50}},"42":{"start":{"line":43,"column":0},"end":{"line":43,"column":21}},"45":{"start":{"line":46,"column":0},"end":{"line":46,"column":50}},"48":{"start":{"line":49,"column":0},"end":{"line":49,"column":39}},"51":{"start":{"line":52,"column":0},"end":{"line":52,"column":50}},"53":{"start":{"line":54,"column":0},"end":{"line":54,"column":56}},"54":{"start":{"line":55,"column":0},"end":{"line":55,"column":41}},"55":{"start":{"line":56,"column":0},"end":{"line":56,"column":6}},"57":{"start":{"line":58,"column":0},"end":{"line":58,"column":55}},"58":{"start":{"line":59,"column":0},"end":{"line":59,"column":50}},"59":{"start":{"line":60,"column":0},"end":{"line":60,"column":21}},"62":{"start":{"line":63,"column":0},"end":{"line":63,"column":51}},"64":{"start":{"line":65,"column":0},"end":{"line":65,"column":57}},"65":{"start":{"line":66,"column":0},"end":{"line":66,"column":43}},"68":{"start":{"line":69,"column":0},"end":{"line":69,"column":39}},"70":{"start":{"line":71,"column":0},"end":{"line":71,"column":57}},"71":{"start":{"line":72,"column":0},"end":{"line":72,"column":42}},"72":{"start":{"line":73,"column":0},"end":{"line":73,"column":6}},"73":{"start":{"line":74,"column":0},"end":{"line":74,"column":4}},"75":{"start":{"line":76,"column":0},"end":{"line":76,"column":32}},"76":{"start":{"line":77,"column":0},"end":{"line":77,"column":55}},"77":{"start":{"line":78,"column":0},"end":{"line":78,"column":50}},"78":{"start":{"line":79,"column":0},"end":{"line":79,"column":37}},"79":{"start":{"line":80,"column":0},"end":{"line":80,"column":56}},"80":{"start":{"line":81,"column":0},"end":{"line":81,"column":35}},"81":{"start":{"line":82,"column":0},"end":{"line":82,"column":6}},"82":{"start":{"line":83,"column":0},"end":{"line":83,"column":4}},"84":{"start":{"line":85,"column":0},"end":{"line":85,"column":36}},"85":{"start":{"line":86,"column":0},"end":{"line":86,"column":77}},"86":{"start":{"line":87,"column":0},"end":{"line":87,"column":68}},"88":{"start":{"line":89,"column":0},"end":{"line":89,"column":28}},"89":{"start":{"line":90,"column":0},"end":{"line":90,"column":61}},"90":{"start":{"line":91,"column":0},"end":{"line":91,"column":59}},"91":{"start":{"line":92,"column":0},"end":{"line":92,"column":63}},"92":{"start":{"line":93,"column":0},"end":{"line":93,"column":8}},"94":{"start":{"line":95,"column":0},"end":{"line":95,"column":50}},"95":{"start":{"line":96,"column":0},"end":{"line":96,"column":21}},"98":{"start":{"line":99,"column":0},"end":{"line":99,"column":51}},"99":{"start":{"line":100,"column":0},"end":{"line":100,"column":57}},"100":{"start":{"line":101,"column":0},"end":{"line":101,"column":43}},"103":{"start":{"line":104,"column":0},"end":{"line":104,"column":51}},"104":{"start":{"line":105,"column":0},"end":{"line":105,"column":57}},"105":{"start":{"line":106,"column":0},"end":{"line":106,"column":42}},"108":{"start":{"line":109,"column":0},"end":{"line":109,"column":51}},"109":{"start":{"line":110,"column":0},"end":{"line":110,"column":57}},"110":{"start":{"line":111,"column":0},"end":{"line":111,"column":44}},"111":{"start":{"line":112,"column":0},"end":{"line":112,"column":6}},"112":{"start":{"line":113,"column":0},"end":{"line":113,"column":4}},"114":{"start":{"line":115,"column":0},"end":{"line":115,"column":40}},"115":{"start":{"line":116,"column":0},"end":{"line":116,"column":69}},"116":{"start":{"line":117,"column":0},"end":{"line":117,"column":28}},"117":{"start":{"line":118,"column":0},"end":{"line":118,"column":43}},"118":{"start":{"line":119,"column":0},"end":{"line":119,"column":41}},"119":{"start":{"line":120,"column":0},"end":{"line":120,"column":8}},"121":{"start":{"line":122,"column":0},"end":{"line":122,"column":50}},"122":{"start":{"line":123,"column":0},"end":{"line":123,"column":21}},"125":{"start":{"line":126,"column":0},"end":{"line":126,"column":51}},"127":{"start":{"line":128,"column":0},"end":{"line":128,"column":52}},"128":{"start":{"line":129,"column":0},"end":{"line":129,"column":38}},"129":{"start":{"line":130,"column":0},"end":{"line":130,"column":48}},"130":{"start":{"line":131,"column":0},"end":{"line":131,"column":58}},"133":{"start":{"line":134,"column":0},"end":{"line":134,"column":52}},"134":{"start":{"line":135,"column":0},"end":{"line":135,"column":38}},"135":{"start":{"line":136,"column":0},"end":{"line":136,"column":6}},"136":{"start":{"line":137,"column":0},"end":{"line":137,"column":4}},"138":{"start":{"line":139,"column":0},"end":{"line":139,"column":40}},"139":{"start":{"line":140,"column":0},"end":{"line":140,"column":66}},"140":{"start":{"line":141,"column":0},"end":{"line":141,"column":50}},"142":{"start":{"line":143,"column":0},"end":{"line":143,"column":50}},"143":{"start":{"line":144,"column":0},"end":{"line":144,"column":50}},"144":{"start":{"line":145,"column":0},"end":{"line":145,"column":21}},"147":{"start":{"line":148,"column":0},"end":{"line":148,"column":50}},"149":{"start":{"line":150,"column":0},"end":{"line":150,"column":58}},"150":{"start":{"line":151,"column":0},"end":{"line":151,"column":44}},"151":{"start":{"line":152,"column":0},"end":{"line":152,"column":60}},"152":{"start":{"line":153,"column":0},"end":{"line":153,"column":6}},"153":{"start":{"line":154,"column":0},"end":{"line":154,"column":4}},"154":{"start":{"line":155,"column":0},"end":{"line":155,"column":2}},"156":{"start":{"line":157,"column":0},"end":{"line":157,"column":42}},"157":{"start":{"line":158,"column":0},"end":{"line":158,"column":65}},"158":{"start":{"line":159,"column":0},"end":{"line":159,"column":68}},"159":{"start":{"line":160,"column":0},"end":{"line":160,"column":33}},"160":{"start":{"line":161,"column":0},"end":{"line":161,"column":34}},"161":{"start":{"line":162,"column":0},"end":{"line":162,"column":4}},"163":{"start":{"line":164,"column":0},"end":{"line":164,"column":64}},"164":{"start":{"line":165,"column":0},"end":{"line":165,"column":67}},"165":{"start":{"line":166,"column":0},"end":{"line":166,"column":33}},"166":{"start":{"line":167,"column":0},"end":{"line":167,"column":33}},"167":{"start":{"line":168,"column":0},"end":{"line":168,"column":4}},"169":{"start":{"line":170,"column":0},"end":{"line":170,"column":66}},"170":{"start":{"line":171,"column":0},"end":{"line":171,"column":70}},"171":{"start":{"line":172,"column":0},"end":{"line":172,"column":34}},"172":{"start":{"line":173,"column":0},"end":{"line":173,"column":31}},"173":{"start":{"line":174,"column":0},"end":{"line":174,"column":4}},"174":{"start":{"line":175,"column":0},"end":{"line":175,"column":2}}},"s":{"0":1,"4":1,"10":1,"12":1,"13":1,"15":1,"16":7,"17":7,"18":7,"19":7,"20":7,"21":7,"22":1,"24":1,"25":7,"26":1,"28":1,"29":1,"30":1,"31":1,"32":1,"33":1,"34":1,"35":1,"36":1,"37":1,"39":1,"40":1,"41":1,"42":1,"45":1,"48":1,"51":1,"53":1,"54":1,"55":1,"57":1,"58":1,"59":1,"62":1,"64":1,"65":1,"68":1,"70":1,"71":1,"72":1,"73":1,"75":1,"76":1,"77":1,"78":1,"79":1,"80":1,"81":1,"82":1,"84":1,"85":1,"86":1,"88":1,"89":1,"90":1,"91":1,"92":1,"94":1,"95":1,"98":1,"99":1,"100":1,"103":1,"104":1,"105":1,"108":1,"109":1,"110":1,"111":1,"112":1,"114":1,"115":1,"116":1,"117":1,"118":1,"119":1,"121":1,"122":1,"125":1,"127":1,"128":1,"129":1,"130":1,"133":1,"134":1,"135":1,"136":1,"138":1,"139":1,"140":1,"142":1,"143":1,"144":1,"147":1,"149":1,"150":1,"151":1,"152":1,"153":1,"154":1,"156":1,"157":1,"158":1,"159":1,"160":1,"161":1,"163":1,"164":1,"165":1,"166":1,"167":1,"169":1,"170":1,"171":1,"172":1,"173":1,"174":1},"branchMap":{"0":{"type":"branch","line":13,"loc":{"start":{"line":13,"column":34},"end":{"line":155,"column":2}},"locations":[{"start":{"line":13,"column":34},"end":{"line":155,"column":2}}]},"1":{"type":"branch","line":16,"loc":{"start":{"line":16,"column":13},"end":{"line":23,"column":3}},"locations":[{"start":{"line":16,"column":13},"end":{"line":23,"column":3}}]},"2":{"type":"branch","line":25,"loc":{"start":{"line":25,"column":12},"end":{"line":27,"column":3}},"locations":[{"start":{"line":25,"column":12},"end":{"line":27,"column":3}}]},"3":{"type":"branch","line":29,"loc":{"start":{"line":29,"column":27},"end":{"line":38,"column":3}},"locations":[{"start":{"line":29,"column":27},"end":{"line":38,"column":3}}]},"4":{"type":"branch","line":30,"loc":{"start":{"line":30,"column":44},"end":{"line":37,"column":5}},"locations":[{"start":{"line":30,"column":44},"end":{"line":37,"column":5}}]},"5":{"type":"branch","line":40,"loc":{"start":{"line":40,"column":27},"end":{"line":74,"column":3}},"locations":[{"start":{"line":40,"column":27},"end":{"line":74,"column":3}}]},"6":{"type":"branch","line":41,"loc":{"start":{"line":41,"column":37},"end":{"line":56,"column":5}},"locations":[{"start":{"line":41,"column":37},"end":{"line":56,"column":5}}]},"7":{"type":"branch","line":46,"loc":{"start":{"line":46,"column":24},"end":{"line":46,"column":49}},"locations":[{"start":{"line":46,"column":24},"end":{"line":46,"column":49}}]},"8":{"type":"branch","line":52,"loc":{"start":{"line":52,"column":24},"end":{"line":52,"column":49}},"locations":[{"start":{"line":52,"column":24},"end":{"line":52,"column":49}}]},"9":{"type":"branch","line":58,"loc":{"start":{"line":58,"column":42},"end":{"line":73,"column":5}},"locations":[{"start":{"line":58,"column":42},"end":{"line":73,"column":5}}]},"10":{"type":"branch","line":63,"loc":{"start":{"line":63,"column":24},"end":{"line":63,"column":50}},"locations":[{"start":{"line":63,"column":24},"end":{"line":63,"column":50}}]},"11":{"type":"branch","line":76,"loc":{"start":{"line":76,"column":25},"end":{"line":83,"column":3}},"locations":[{"start":{"line":76,"column":25},"end":{"line":83,"column":3}}]},"12":{"type":"branch","line":77,"loc":{"start":{"line":77,"column":48},"end":{"line":82,"column":5}},"locations":[{"start":{"line":77,"column":48},"end":{"line":82,"column":5}}]},"13":{"type":"branch","line":85,"loc":{"start":{"line":85,"column":29},"end":{"line":113,"column":3}},"locations":[{"start":{"line":85,"column":29},"end":{"line":113,"column":3}}]},"14":{"type":"branch","line":86,"loc":{"start":{"line":86,"column":64},"end":{"line":112,"column":5}},"locations":[{"start":{"line":86,"column":64},"end":{"line":112,"column":5}}]},"15":{"type":"branch","line":90,"loc":{"start":{"line":90,"column":19},"end":{"line":90,"column":61}},"locations":[{"start":{"line":90,"column":19},"end":{"line":90,"column":61}}]},"16":{"type":"branch","line":91,"loc":{"start":{"line":91,"column":18},"end":{"line":91,"column":59}},"locations":[{"start":{"line":91,"column":18},"end":{"line":91,"column":59}}]},"17":{"type":"branch","line":92,"loc":{"start":{"line":92,"column":20},"end":{"line":92,"column":63}},"locations":[{"start":{"line":92,"column":20},"end":{"line":92,"column":63}}]},"18":{"type":"branch","line":99,"loc":{"start":{"line":99,"column":24},"end":{"line":99,"column":50}},"locations":[{"start":{"line":99,"column":24},"end":{"line":99,"column":50}}]},"19":{"type":"branch","line":104,"loc":{"start":{"line":104,"column":24},"end":{"line":104,"column":50}},"locations":[{"start":{"line":104,"column":24},"end":{"line":104,"column":50}}]},"20":{"type":"branch","line":109,"loc":{"start":{"line":109,"column":24},"end":{"line":109,"column":50}},"locations":[{"start":{"line":109,"column":24},"end":{"line":109,"column":50}}]},"21":{"type":"branch","line":115,"loc":{"start":{"line":115,"column":33},"end":{"line":137,"column":3}},"locations":[{"start":{"line":115,"column":33},"end":{"line":137,"column":3}}]},"22":{"type":"branch","line":116,"loc":{"start":{"line":116,"column":56},"end":{"line":136,"column":5}},"locations":[{"start":{"line":116,"column":56},"end":{"line":136,"column":5}}]},"23":{"type":"branch","line":118,"loc":{"start":{"line":118,"column":19},"end":{"line":118,"column":43}},"locations":[{"start":{"line":118,"column":19},"end":{"line":118,"column":43}}]},"24":{"type":"branch","line":126,"loc":{"start":{"line":126,"column":24},"end":{"line":126,"column":50}},"locations":[{"start":{"line":126,"column":24},"end":{"line":126,"column":50}}]},"25":{"type":"branch","line":139,"loc":{"start":{"line":139,"column":33},"end":{"line":154,"column":3}},"locations":[{"start":{"line":139,"column":33},"end":{"line":154,"column":3}}]},"26":{"type":"branch","line":140,"loc":{"start":{"line":140,"column":53},"end":{"line":153,"column":5}},"locations":[{"start":{"line":140,"column":53},"end":{"line":153,"column":5}}]},"27":{"type":"branch","line":143,"loc":{"start":{"line":143,"column":24},"end":{"line":143,"column":49}},"locations":[{"start":{"line":143,"column":24},"end":{"line":143,"column":49}}]},"28":{"type":"branch","line":148,"loc":{"start":{"line":148,"column":24},"end":{"line":148,"column":49}},"locations":[{"start":{"line":148,"column":24},"end":{"line":148,"column":49}}]},"29":{"type":"branch","line":157,"loc":{"start":{"line":157,"column":35},"end":{"line":175,"column":2}},"locations":[{"start":{"line":157,"column":35},"end":{"line":175,"column":2}}]},"30":{"type":"branch","line":158,"loc":{"start":{"line":158,"column":58},"end":{"line":162,"column":3}},"locations":[{"start":{"line":158,"column":58},"end":{"line":162,"column":3}}]},"31":{"type":"branch","line":164,"loc":{"start":{"line":164,"column":57},"end":{"line":168,"column":3}},"locations":[{"start":{"line":164,"column":57},"end":{"line":168,"column":3}}]},"32":{"type":"branch","line":170,"loc":{"start":{"line":170,"column":59},"end":{"line":174,"column":3}},"locations":[{"start":{"line":170,"column":59},"end":{"line":174,"column":3}}]}},"b":{"0":[1],"1":[7],"2":[7],"3":[1],"4":[1],"5":[1],"6":[1],"7":[1],"8":[1],"9":[1],"10":[1],"11":[1],"12":[1],"13":[1],"14":[1],"15":[1],"16":[1],"17":[1],"18":[1],"19":[1],"20":[1],"21":[1],"22":[1],"23":[1],"24":[1],"25":[1],"26":[1],"27":[1],"28":[1],"29":[1],"30":[1],"31":[1],"32":[1]},"fnMap":{"0":{"name":"onWarning","decl":{"start":{"line":90,"column":19},"end":{"line":90,"column":61}},"loc":{"start":{"line":90,"column":19},"end":{"line":90,"column":61}},"line":90},"1":{"name":"onPrompt","decl":{"start":{"line":91,"column":18},"end":{"line":91,"column":59}},"loc":{"start":{"line":91,"column":18},"end":{"line":91,"column":59}},"line":91},"2":{"name":"onTakeover","decl":{"start":{"line":92,"column":20},"end":{"line":92,"column":63}},"loc":{"start":{"line":92,"column":20},"end":{"line":92,"column":63}},"line":92},"3":{"name":"onWarning","decl":{"start":{"line":118,"column":19},"end":{"line":118,"column":43}},"loc":{"start":{"line":118,"column":19},"end":{"line":118,"column":43}},"line":118},"4":{"name":"onPrompt","decl":{"start":{"line":119,"column":18},"end":{"line":119,"column":41}},"loc":{"start":{"line":119,"column":18},"end":{"line":119,"column":41}},"line":119}},"f":{"0":1,"1":1,"2":1,"3":1,"4":0}}
}
